[INFO] Scanning for projects...
[INFO] 
[INFO] -----------------< com.sportvenue:sport-venue-config >------------------
[INFO] Building sport-venue-config 1.0.0-SNAPSHOT
[INFO]   from pom.xml
[INFO] --------------------------------[ jar ]---------------------------------
[INFO] 
[INFO] >>> spring-boot:3.2.0:run (default-cli) > test-compile @ sport-venue-config >>>
[INFO] 
[INFO] --- resources:3.3.1:resources (default-resources) @ sport-venue-config ---
[WARNING] Using platform encoding (UTF-8 actually) to copy filtered resources, i.e. build is platform dependent!
[INFO] Copying 7 resources from src/main/resources to target/classes
[INFO] 
[INFO] --- compiler:3.13.0:compile (default-compile) @ sport-venue-config ---
[INFO] Nothing to compile - all classes are up to date.
[INFO] 
[INFO] --- resources:3.3.1:testResources (default-testResources) @ sport-venue-config ---
[WARNING] Using platform encoding (UTF-8 actually) to copy filtered resources, i.e. build is platform dependent!
[INFO] skip non existing resourceDirectory /Users/peter/Desktop/file/code/pri/java/sport-venue/sport-venue-config/src/test/resources
[INFO] 
[INFO] --- compiler:3.13.0:testCompile (default-testCompile) @ sport-venue-config ---
[INFO] No sources to compile
[INFO] 
[INFO] <<< spring-boot:3.2.0:run (default-cli) < test-compile @ sport-venue-config <<<
[INFO] 
[INFO] 
[INFO] --- spring-boot:3.2.0:run (default-cli) @ sport-venue-config ---
[INFO] Attaching agents: []

  .   ____          _            __ _ _
 /\\ / ___'_ __ _ _(_)_ __  __ _ \ \ \ \
( ( )\___ | '_ | '_| | '_ \/ _` | \ \ \ \
 \\/  ___)| |_)| | | | | || (_| |  ) ) ) )
  '  |____| .__|_| |_|_| |_\__, | / / / /
 =========|_|==============|___/=/_/_/_/
 :: Spring Boot ::                (v3.2.0)

2025-07-04T18:23:39.879+08:00  INFO 97625 --- [config-server] [           main] c.s.config.ConfigServerApplication       : Starting ConfigServerApplication using Java 21.0.7 with PID 97625 (/Users/peter/Desktop/file/code/pri/java/sport-venue/sport-venue-config/target/classes started by peter in /Users/peter/Desktop/file/code/pri/java/sport-venue/sport-venue-config)
2025-07-04T18:23:39.881+08:00  INFO 97625 --- [config-server] [           main] c.s.config.ConfigServerApplication       : The following 1 profile is active: "native"
2025-07-04T18:23:40.305+08:00  INFO 97625 --- [config-server] [           main] o.s.cloud.context.scope.GenericScope     : BeanFactory id=c54c597d-0e6b-3b0d-a2e2-12425feaaae4
2025-07-04T18:23:40.472+08:00  INFO 97625 --- [config-server] [           main] o.s.b.w.embedded.tomcat.TomcatWebServer  : Tomcat initialized with port 8888 (http)
2025-07-04T18:23:40.478+08:00  INFO 97625 --- [config-server] [           main] o.apache.catalina.core.StandardService   : Starting service [Tomcat]
2025-07-04T18:23:40.478+08:00  INFO 97625 --- [config-server] [           main] o.apache.catalina.core.StandardEngine    : Starting Servlet engine: [Apache Tomcat/10.1.16]
2025-07-04T18:23:40.521+08:00  INFO 97625 --- [config-server] [           main] o.a.c.c.C.[Tomcat].[localhost].[/]       : Initializing Spring embedded WebApplicationContext
2025-07-04T18:23:40.522+08:00  INFO 97625 --- [config-server] [           main] w.s.c.ServletWebServerApplicationContext : Root WebApplicationContext: initialization completed in 615 ms
2025-07-04T18:23:40.857+08:00  WARN 97625 --- [config-server] [           main] ConfigServletWebServerApplicationContext : Exception encountered during context initialization - cancelling refresh attempt: org.springframework.context.ApplicationContextException: Failed to start bean 'webServerStartStop'
2025-07-04T18:23:40.867+08:00  INFO 97625 --- [config-server] [           main] .s.b.a.l.ConditionEvaluationReportLogger : 

Error starting ApplicationContext. To display the condition evaluation report re-run your application with 'debug' enabled.
2025-07-04T18:23:40.878+08:00 ERROR 97625 --- [config-server] [           main] o.s.b.d.LoggingFailureAnalysisReporter   : 

***************************
APPLICATION FAILED TO START
***************************

Description:

Web server failed to start. Port 8888 was already in use.

Action:

Identify and stop the process that's listening on port 8888 or configure this application to listen on another port.

[INFO] ------------------------------------------------------------------------
[INFO] BUILD FAILURE
[INFO] ---------------------------------------------------------------2025-07-04T18:24:12.777+08:00  INFO 97490 --- [config-server] [nio-8888-exec-2] o.s.c.c.s.e.NativeEnvironmentRepository  : Adding property source: Config resource 'class path resource [config-repo/user-service.yml]' via location 'classpath:/config-repo/' (document #1)
2025-07-04T18:24:12.780+08:00  INFO 97490 --- [config-server] [nio-8888-exec-2] o.s.c.c.s.e.NativeEnvironmentRepository  : Adding property source: Config resource 'class path resource [config-repo/user-service.yml]' via location 'classpath:/config-repo/' (document #0)
2025-07-04T18:24:12.780+08:00  INFO 97490 --- [config-server] [nio-8888-exec-2] o.s.c.c.s.e.NativeEnvironmentRepository  : Adding property source: Config resource 'class path resource [config-repo/application.yml]' via location 'classpath:/config-repo/'
2025-07-04T18:24:13.540+08:00  INFO 97490 --- [config-server] [nio-8888-exec-3] o.s.c.c.s.e.NativeEnvironmentRepository  : Adding property source: Config resource 'class path resource [config-repo/social-service.yml]' via location 'classpath:/config-repo/'
2025-07-04T18:24:13.541+08:00  INFO 97490 --- [config-server] [nio-8888-exec-3] o.s.c.c.s.e.NativeEnvironmentRepository  : Adding property source: Config resource 'class path resource [config-repo/application.yml]' via location 'classpath:/config-repo/'
2025-07-04T18:24:13.668+08:00  INFO 97490 --- [config-server] [nio-8888-exec-4] o.s.c.c.s.e.NativeEnvironmentRepository  : Adding property source: Config resource 'class path resource [config-repo/prediction-service.yml]' via location 'classpath:/config-repo/'
2025-07-04T18:24:13.668+08:00  INFO 97490 --- [config-server] [nio-8888-exec-4] o.s.c.c.s.e.NativeEnvironmentRepository  : Adding property source: Config resource 'class path resource [config-repo/application.yml]' via location 'classpath:/config-repo/'
2025-07-04T18:24:13.860+08:00  INFO 97490 --- [config-server] [nio-8888-exec-5] o.s.c.c.s.e.NativeEnvironmentRepository  : Adding property source: Config resource 'class path resource [config-repo/venue-service.yml]' via location 'classpath:/config-repo/' (document #1)
2025-07-04T18:24:13.861+08:00  INFO 97490 --- [config-server] [nio-8888-exec-5] o.s.c.c.s.e.NativeEnvironmentRepository  : Adding property source: Config resource 'class path resource [config-repo/venue-service.yml]' via location 'classpath:/config-repo/' (document #0)
2025-07-04T18:24:13.861+08:00  INFO 97490 --- [config-server] [nio-8888-exec-5] o.s.c.c.s.e.NativeEnvironmentRepository  : Adding property source: Config resource 'class path resource [config-repo/application.yml]' via location 'classpath:/config-repo/'
2025-07-04T18:24:14.390+08:00  INFO 97490 --- [config-server] [nio-8888-exec-6] o.s.c.c.s.e.NativeEnvironmentRepository  : Adding property source: Config resource 'class path resource [config-repo/application.yml]' via location 'classpath:/config-repo/'
2025-07-04T18:27:20.254+08:00  INFO 97490 --- [config-server] [nio-8888-exec-2] o.s.c.c.s.e.NativeEnvironmentRepository  : Adding property source: Config resource 'class path resource [config-repo/application.yml]' via location 'classpath:/config-repo/'
2025-07-04T18:27:22.767+08:00  INFO 97490 --- [config-server] [nio-8888-exec-3] o.s.c.c.s.e.NativeEnvironmentRepository  : Adding property source: Config resource 'class path resource [config-repo/user-service.yml]' via location 'classpath:/config-repo/' (document #1)
2025-07-04T18:27:22.768+08:00  INFO 97490 --- [config-server] [nio-8888-exec-3] o.s.c.c.s.e.NativeEnvironmentRepository  : Adding property source: Config resource 'class path resource [config-repo/user-service.yml]' via location 'classpath:/config-repo/' (document #0)
2025-07-04T18:27:22.768+08:00  INFO 97490 --- [config-server] [nio-8888-exec-3] o.s.c.c.s.e.NativeEnvironmentRepository  : Adding property source: Config resource 'class path resource [config-repo/application.yml]' via location 'classpath:/config-repo/'
2025-07-04T18:27:24.021+08:00  INFO 97490 --- [config-server] [nio-8888-exec-4] o.s.c.c.s.e.NativeEnvironmentRepository  : Adding property source: Config resource 'class path resource [config-repo/prediction-service.yml]' via location 'classpath:/config-repo/'
2025-07-04T18:27:24.021+08:00  INFO 97490 --- [config-server] [nio-8888-exec-4] o.s.c.c.s.e.NativeEnvironmentRepository  : Adding property source: Config resource 'class path resource [config-repo/application.yml]' via location 'classpath:/config-repo/'
2025-07-04T18:27:26.607+08:00  INFO 97490 --- [config-server] [nio-8888-exec-8] o.s.c.c.s.e.NativeEnvironmentRepository  : Adding property source: Config resource 'class path resource [config-repo/social-service.yml]' via location 'classpath:/config-repo/'
2025-07-04T18:27:26.607+08:00  INFO 97490 --- [config-server] [nio-8888-exec-8] o.s.c.c.s.e.NativeEnvironmentRepository  : Adding property source: Config resource 'class path resource [config-repo/application.yml]' via location 'classpath:/config-repo/'
2025-07-04T18:27:31.926+08:00  INFO 97490 --- [config-server] [io-8888-exec-10] o.s.c.c.s.e.NativeEnvironmentRepository  : Adding property source: Config resource 'class path resource [config-repo/venue-service.yml]' via location 'classpath:/config-repo/' (document #1)
2025-07-04T18:27:31.926+08:00  INFO 97490 --- [config-server] [io-8888-exec-10] o.s.c.c.s.e.NativeEnvironmentRepository  : Adding property source: Config resource 'class path resource [config-repo/venue-service.yml]' via location 'classpath:/config-repo/' (document #0)
2025-07-04T18:27:31.926+08:00  INFO 97490 --- [config-server] [io-8888-exec-10] o.s.c.c.s.e.NativeEnvironmentRepository  : Adding property source: Config resource 'class path resource [config-repo/application.yml]' via location 'classpath:/config-repo/'
