WARNING: A terminally deprecated method in sun.misc.Unsafe has been called
WARNING: sun.misc.Unsafe::staticFieldBase has been called by com.google.inject.internal.aop.HiddenClassDefiner (file:/opt/homebrew/Cellar/maven/3.9.10/libexec/lib/guice-5.1.0-classes.jar)
WARNING: Please consider reporting this to the maintainers of class com.google.inject.internal.aop.HiddenClassDefiner
WARNING: sun.misc.Unsafe::staticFieldBase will be removed in a future release
[INFO] Scanning for projects...
[INFO] 
[INFO] -----------------< com.sportvenue:sport-venue-eureka >------------------
[INFO] Building sport-venue-eureka 1.0.0-SNAPSHOT
[INFO]   from pom.xml
[INFO] --------------------------------[ jar ]---------------------------------
[INFO] 
[INFO] >>> spring-boot:3.2.0:run (default-cli) > test-compile @ sport-venue-eureka >>>
[INFO] 
[INFO] --- resources:3.3.1:resources (default-resources) @ sport-venue-eureka ---
[WARNING] Using platform encoding (UTF-8 actually) to copy filtered resources, i.e. build is platform dependent!
[INFO] Copying 1 resource from src/main/resources to target/classes
[INFO] 
[INFO] --- compiler:3.13.0:compile (default-compile) @ sport-venue-eureka ---
[INFO] Nothing to compile - all classes are up to date.
[INFO] 
[INFO] --- resources:3.3.1:testResources (default-testResources) @ sport-venue-eureka ---
[WARNING] Using platform encoding (UTF-8 actually) to copy filtered resources, i.e. build is platform dependent!
[INFO] skip non existing resourceDirectory /Users/peter/Desktop/file/code/pri/java/sport-venue/sport-venue-eureka/src/test/resources
[INFO] 
[INFO] --- compiler:3.13.0:testCompile (default-testCompile) @ sport-venue-eureka ---
[INFO] No sources to compile
[INFO] 
[INFO] <<< spring-boot:3.2.0:run (default-cli) < test-compile @ sport-venue-eureka <<<
[INFO] 
[INFO] 
[INFO] --- spring-boot:3.2.0:run (default-cli) @ sport-venue-eureka ---
[INFO] Attaching agents: []

  .   ____          _            __ _ _
 /\\ / ___'_ __ _ _(_)_ __  __ _ \ \ \ \
( ( )\___ | '_ | '_| | '_ \/ _` | \ \ \ \
 \\/  ___)| |_)| | | | | || (_| |  ) ) ) )
  '  |____| .__|_| |_|_| |_\__, | / / / /
 =========|_|==============|___/=/_/_/_/
[32m :: Spring Boot :: [39m              [2m (v3.2.0)[0;39m

[2m2025-07-11T16:44:13.914+08:00[0;39m [32m INFO[0;39m [35m91567[0;39m [2m---[0;39m [2m[eureka-server] [           main][0;39m [2m[0;39m[36mc.s.eureka.EurekaServerApplication      [0;39m [2m:[0;39m Starting EurekaServerApplication using Java 24.0.1 with PID 91567 (/Users/peter/Desktop/file/code/pri/java/sport-venue/sport-venue-eureka/target/classes started by peter in /Users/peter/Desktop/file/code/pri/java/sport-venue/sport-venue-eureka)
[2m2025-07-11T16:44:13.915+08:00[0;39m [32m INFO[0;39m [35m91567[0;39m [2m---[0;39m [2m[eureka-server] [           main][0;39m [2m[0;39m[36mc.s.eureka.EurekaServerApplication      [0;39m [2m:[0;39m No active profile set, falling back to 1 default profile: "default"
[2m2025-07-11T16:44:14.477+08:00[0;39m [32m INFO[0;39m [35m91567[0;39m [2m---[0;39m [2m[eureka-server] [           main][0;39m [2m[0;39m[36mo.s.cloud.context.scope.GenericScope    [0;39m [2m:[0;39m BeanFactory id=518f9ce7-d331-3309-9e3c-993627a4303d
[2m2025-07-11T16:44:14.520+08:00[0;39m [33m WARN[0;39m [35m91567[0;39m [2m---[0;39m [2m[eureka-server] [           main][0;39m [2m[0;39m[36mtrationDelegate$BeanPostProcessorChecker[0;39m [2m:[0;39m Bean 'org.springframework.cloud.client.loadbalancer.LoadBalancerAutoConfiguration$LoadBalancerInterceptorConfig' of type [org.springframework.cloud.client.loadbalancer.LoadBalancerAutoConfiguration$LoadBalancerInterceptorConfig] is not eligible for getting processed by all BeanPostProcessors (for example: not eligible for auto-proxying). The currently created BeanPostProcessor [lbRestClientPostProcessor] is declared through a non-static factory method on that class; consider declaring it as static instead.
[2m2025-07-11T16:44:14.522+08:00[0;39m [33m WARN[0;39m [35m91567[0;39m [2m---[0;39m [2m[eureka-server] [           main][0;39m [2m[0;39m[36mtrationDelegate$BeanPostProcessorChecker[0;39m [2m:[0;39m Bean 'org.springframework.cloud.loadbalancer.config.BlockingLoadBalancerClientAutoConfiguration' of type [org.springframework.cloud.loadbalancer.config.BlockingLoadBalancerClientAutoConfiguration] is not eligible for getting processed by all BeanPostProcessors (for example: not eligible for auto-proxying). Is this bean getting eagerly injected into a currently created BeanPostProcessor [lbRestClientPostProcessor]? Check the corresponding BeanPostProcessor declaration and its dependencies.
[2m2025-07-11T16:44:14.524+08:00[0;39m [33m WARN[0;39m [35m91567[0;39m [2m---[0;39m [2m[eureka-server] [           main][0;39m [2m[0;39m[36mtrationDelegate$BeanPostProcessorChecker[0;39m [2m:[0;39m Bean 'org.springframework.cloud.loadbalancer.config.LoadBalancerAutoConfiguration' of type [org.springframework.cloud.loadbalancer.config.LoadBalancerAutoConfiguration] is not eligible for getting processed by all BeanPostProcessors (for example: not eligible for auto-proxying). Is this bean getting eagerly injected into a currently created BeanPostProcessor [lbRestClientPostProcessor]? Check the corresponding BeanPostProcessor declaration and its dependencies.
[2m2025-07-11T16:44:14.528+08:00[0;39m [33m WARN[0;39m [35m91567[0;39m [2m---[0;39m [2m[eureka-server] [           main][0;39m [2m[0;39m[36mtrationDelegate$BeanPostProcessorChecker[0;39m [2m:[0;39m Bean 'org.springframework.cloud.commons.config.CommonsConfigAutoConfiguration' of type [org.springframework.cloud.commons.config.CommonsConfigAutoConfiguration] is not eligible for getting processed by all BeanPostProcessors (for example: not eligible for auto-proxying). Is this bean getting eagerly injected into a currently created BeanPostProcessor [lbRestClientPostProcessor]? Check the corresponding BeanPostProcessor declaration and its dependencies.
[2m2025-07-11T16:44:14.529+08:00[0;39m [33m WARN[0;39m [35m91567[0;39m [2m---[0;39m [2m[eureka-server] [           main][0;39m [2m[0;39m[36mtrationDelegate$BeanPostProcessorChecker[0;39m [2m:[0;39m Bean 'org.springframework.cloud.client.loadbalancer.LoadBalancerDefaultMappingsProviderAutoConfiguration' of type [org.springframework.cloud.client.loadbalancer.LoadBalancerDefaultMappingsProviderAutoConfiguration] is not eligible for getting processed by all BeanPostProcessors (for example: not eligible for auto-proxying). Is this bean getting eagerly injected into a currently created BeanPostProcessor [lbRestClientPostProcessor]? Check the corresponding BeanPostProcessor declaration and its dependencies.
[2m2025-07-11T16:44:14.529+08:00[0;39m [33m WARN[0;39m [35m91567[0;39m [2m---[0;39m [2m[eureka-server] [           main][0;39m [2m[0;39m[36mtrationDelegate$BeanPostProcessorChecker[0;39m [2m:[0;39m Bean 'loadBalancerClientsDefaultsMappingsProvider' of type [org.springframework.cloud.client.loadbalancer.LoadBalancerDefaultMappingsProviderAutoConfiguration$$Lambda/0x00003e0001287ae0] is not eligible for getting processed by all BeanPostProcessors (for example: not eligible for auto-proxying). Is this bean getting eagerly injected into a currently created BeanPostProcessor [lbRestClientPostProcessor]? Check the corresponding BeanPostProcessor declaration and its dependencies.
[2m2025-07-11T16:44:14.530+08:00[0;39m [33m WARN[0;39m [35m91567[0;39m [2m---[0;39m [2m[eureka-server] [           main][0;39m [2m[0;39m[36mtrationDelegate$BeanPostProcessorChecker[0;39m [2m:[0;39m Bean 'defaultsBindHandlerAdvisor' of type [org.springframework.cloud.commons.config.DefaultsBindHandlerAdvisor] is not eligible for getting processed by all BeanPostProcessors (for example: not eligible for auto-proxying). Is this bean getting eagerly injected into a currently created BeanPostProcessor [lbRestClientPostProcessor]? Check the corresponding BeanPostProcessor declaration and its dependencies.
[2m2025-07-11T16:44:14.535+08:00[0;39m [33m WARN[0;39m [35m91567[0;39m [2m---[0;39m [2m[eureka-server] [           main][0;39m [2m[0;39m[36mtrationDelegate$BeanPostProcessorChecker[0;39m [2m:[0;39m Bean 'spring.cloud.loadbalancer-org.springframework.cloud.client.loadbalancer.LoadBalancerClientsProperties' of type [org.springframework.cloud.client.loadbalancer.LoadBalancerClientsProperties] is not eligible for getting processed by all BeanPostProcessors (for example: not eligible for auto-proxying). Is this bean getting eagerly injected into a currently created BeanPostProcessor [lbRestClientPostProcessor]? Check the corresponding BeanPostProcessor declaration and its dependencies.
[2m2025-07-11T16:44:14.540+08:00[0;39m [33m WARN[0;39m [35m91567[0;39m [2m---[0;39m [2m[eureka-server] [           main][0;39m [2m[0;39m[36mtrationDelegate$BeanPostProcessorChecker[0;39m [2m:[0;39m Bean 'default.org.springframework.cloud.loadbalancer.config.LoadBalancerAutoConfiguration.LoadBalancerClientSpecification' of type [org.springframework.cloud.loadbalancer.annotation.LoadBalancerClientSpecification] is not eligible for getting processed by all BeanPostProcessors (for example: not eligible for auto-proxying). Is this bean getting eagerly injected into a currently created BeanPostProcessor [lbRestClientPostProcessor]? Check the corresponding BeanPostProcessor declaration and its dependencies.
[2m2025-07-11T16:44:14.540+08:00[0;39m [33m WARN[0;39m [35m91567[0;39m [2m---[0;39m [2m[eureka-server] [           main][0;39m [2m[0;39m[36mtrationDelegate$BeanPostProcessorChecker[0;39m [2m:[0;39m Bean 'default.org.springframework.cloud.loadbalancer.config.BlockingLoadBalancerClientAutoConfiguration.LoadBalancerClientSpecification' of type [org.springframework.cloud.loadbalancer.annotation.LoadBalancerClientSpecification] is not eligible for getting processed by all BeanPostProcessors (for example: not eligible for auto-proxying). Is this bean getting eagerly injected into a currently created BeanPostProcessor [lbRestClientPostProcessor]? Check the corresponding BeanPostProcessor declaration and its dependencies.
[2m2025-07-11T16:44:14.540+08:00[0;39m [33m WARN[0;39m [35m91567[0;39m [2m---[0;39m [2m[eureka-server] [           main][0;39m [2m[0;39m[36mtrationDelegate$BeanPostProcessorChecker[0;39m [2m:[0;39m Bean 'default.org.springframework.cloud.netflix.eureka.loadbalancer.LoadBalancerEurekaAutoConfiguration.LoadBalancerClientSpecification' of type [org.springframework.cloud.loadbalancer.annotation.LoadBalancerClientSpecification] is not eligible for getting processed by all BeanPostProcessors (for example: not eligible for auto-proxying). Is this bean getting eagerly injected into a currently created BeanPostProcessor [lbRestClientPostProcessor]? Check the corresponding BeanPostProcessor declaration and its dependencies.
[2m2025-07-11T16:44:14.541+08:00[0;39m [33m WARN[0;39m [35m91567[0;39m [2m---[0;39m [2m[eureka-server] [           main][0;39m [2m[0;39m[36mtrationDelegate$BeanPostProcessorChecker[0;39m [2m:[0;39m Bean 'loadBalancerClientFactory' of type [org.springframework.cloud.loadbalancer.support.LoadBalancerClientFactory] is not eligible for getting processed by all BeanPostProcessors (for example: not eligible for auto-proxying). Is this bean getting eagerly injected into a currently created BeanPostProcessor [lbRestClientPostProcessor]? Check the corresponding BeanPostProcessor declaration and its dependencies.
[2m2025-07-11T16:44:14.542+08:00[0;39m [33m WARN[0;39m [35m91567[0;39m [2m---[0;39m [2m[eureka-server] [           main][0;39m [2m[0;39m[36mtrationDelegate$BeanPostProcessorChecker[0;39m [2m:[0;39m Bean 'blockingLoadBalancerClient' of type [org.springframework.cloud.loadbalancer.blocking.client.BlockingLoadBalancerClient] is not eligible for getting processed by all BeanPostProcessors (for example: not eligible for auto-proxying). Is this bean getting eagerly injected into a currently created BeanPostProcessor [lbRestClientPostProcessor]? Check the corresponding BeanPostProcessor declaration and its dependencies.
[2m2025-07-11T16:44:14.546+08:00[0;39m [33m WARN[0;39m [35m91567[0;39m [2m---[0;39m [2m[eureka-server] [           main][0;39m [2m[0;39m[36mtrationDelegate$BeanPostProcessorChecker[0;39m [2m:[0;39m Bean 'loadBalancerServiceInstanceCookieTransformer' of type [org.springframework.cloud.loadbalancer.core.LoadBalancerServiceInstanceCookieTransformer] is not eligible for getting processed by all BeanPostProcessors (for example: not eligible for auto-proxying). Is this bean getting eagerly injected into a currently created BeanPostProcessor [lbRestClientPostProcessor]? Check the corresponding BeanPostProcessor declaration and its dependencies.
[2m2025-07-11T16:44:14.547+08:00[0;39m [33m WARN[0;39m [35m91567[0;39m [2m---[0;39m [2m[eureka-server] [           main][0;39m [2m[0;39m[36mtrationDelegate$BeanPostProcessorChecker[0;39m [2m:[0;39m Bean 'xForwarderHeadersTransformer' of type [org.springframework.cloud.loadbalancer.blocking.XForwardedHeadersTransformer] is not eligible for getting processed by all BeanPostProcessors (for example: not eligible for auto-proxying). Is this bean getting eagerly injected into a currently created BeanPostProcessor [lbRestClientPostProcessor]? Check the corresponding BeanPostProcessor declaration and its dependencies.
[2m2025-07-11T16:44:14.548+08:00[0;39m [33m WARN[0;39m [35m91567[0;39m [2m---[0;39m [2m[eureka-server] [           main][0;39m [2m[0;39m[36mtrationDelegate$BeanPostProcessorChecker[0;39m [2m:[0;39m Bean 'org.springframework.cloud.client.loadbalancer.LoadBalancerAutoConfiguration' of type [org.springframework.cloud.client.loadbalancer.LoadBalancerAutoConfiguration] is not eligible for getting processed by all BeanPostProcessors (for example: not eligible for auto-proxying). Is this bean getting eagerly injected into a currently created BeanPostProcessor [lbRestClientPostProcessor]? Check the corresponding BeanPostProcessor declaration and its dependencies.
[2m2025-07-11T16:44:14.549+08:00[0;39m [33m WARN[0;39m [35m91567[0;39m [2m---[0;39m [2m[eureka-server] [           main][0;39m [2m[0;39m[36mtrationDelegate$BeanPostProcessorChecker[0;39m [2m:[0;39m Bean 'loadBalancerRequestFactory' of type [org.springframework.cloud.client.loadbalancer.LoadBalancerRequestFactory] is not eligible for getting processed by all BeanPostProcessors (for example: not eligible for auto-proxying). Is this bean getting eagerly injected into a currently created BeanPostProcessor [lbRestClientPostProcessor]? Check the corresponding BeanPostProcessor declaration and its dependencies.
[2m2025-07-11T16:44:14.549+08:00[0;39m [33m WARN[0;39m [35m91567[0;39m [2m---[0;39m [2m[eureka-server] [           main][0;39m [2m[0;39m[36mtrationDelegate$BeanPostProcessorChecker[0;39m [2m:[0;39m Bean 'loadBalancerInterceptor' of type [org.springframework.cloud.client.loadbalancer.LoadBalancerInterceptor] is not eligible for getting processed by all BeanPostProcessors (for example: not eligible for auto-proxying). Is this bean getting eagerly injected into a currently created BeanPostProcessor [lbRestClientPostProcessor]? Check the corresponding BeanPostProcessor declaration and its dependencies.
WARNING: A restricted method in java.lang.System has been called
WARNING: java.lang.System::load has been called by org.apache.tomcat.jni.Library in an unnamed module (file:/Users/peter/.m2/repository/org/apache/tomcat/embed/tomcat-embed-core/10.1.16/tomcat-embed-core-10.1.16.jar)
WARNING: Use --enable-native-access=ALL-UNNAMED to avoid a warning for callers in this module
WARNING: Restricted methods will be blocked in a future release unless native access is enabled

[2m2025-07-11T16:44:14.687+08:00[0;39m [32m INFO[0;39m [35m91567[0;39m [2m---[0;39m [2m[eureka-server] [           main][0;39m [2m[0;39m[36mo.s.b.w.embedded.tomcat.TomcatWebServer [0;39m [2m:[0;39m Tomcat initialized with port 8761 (http)
[2m2025-07-11T16:44:14.694+08:00[0;39m [32m INFO[0;39m [35m91567[0;39m [2m---[0;39m [2m[eureka-server] [           main][0;39m [2m[0;39m[36mo.apache.catalina.core.StandardService  [0;39m [2m:[0;39m Starting service [Tomcat]
[2m2025-07-11T16:44:14.694+08:00[0;39m [32m INFO[0;39m [35m91567[0;39m [2m---[0;39m [2m[eureka-server] [           main][0;39m [2m[0;39m[36mo.apache.catalina.core.StandardEngine   [0;39m [2m:[0;39m Starting Servlet engine: [Apache Tomcat/10.1.16]
[2m2025-07-11T16:44:14.735+08:00[0;39m [32m INFO[0;39m [35m91567[0;39m [2m---[0;39m [2m[eureka-server] [           main][0;39m [2m[0;39m[36mo.a.c.c.C.[Tomcat].[localhost].[/]      [0;39m [2m:[0;39m Initializing Spring embedded WebApplicationContext
[2m2025-07-11T16:44:14.735+08:00[0;39m [32m INFO[0;39m [35m91567[0;39m [2m---[0;39m [2m[eureka-server] [           main][0;39m [2m[0;39m[36mw.s.c.ServletWebServerApplicationContext[0;39m [2m:[0;39m Root WebApplicationContext: initialization completed in 786 ms
[2m2025-07-11T16:44:15.196+08:00[0;39m [32m INFO[0;39m [35m91567[0;39m [2m---[0;39m [2m[eureka-server] [           main][0;39m [2m[0;39m[36mc.n.d.provider.DiscoveryJerseyProvider  [0;39m [2m:[0;39m Using JSON encoding codec LegacyJacksonJson
[2m2025-07-11T16:44:15.197+08:00[0;39m [32m INFO[0;39m [35m91567[0;39m [2m---[0;39m [2m[eureka-server] [           main][0;39m [2m[0;39m[36mc.n.d.provider.DiscoveryJerseyProvider  [0;39m [2m:[0;39m Using JSON decoding codec LegacyJacksonJson
WARNING: A terminally deprecated method in sun.misc.Unsafe has been called
WARNING: sun.misc.Unsafe::objectFieldOffset has been called by com.thoughtworks.xstream.converters.reflection.SunUnsafeReflectionProvider (file:/Users/peter/.m2/repository/com/thoughtworks/xstream/xstream/1.4.19/xstream-1.4.19.jar)
WARNING: Please consider reporting this to the maintainers of class com.thoughtworks.xstream.converters.reflection.SunUnsafeReflectionProvider
WARNING: sun.misc.Unsafe::objectFieldOffset will be removed in a future release
[2m2025-07-11T16:44:15.346+08:00[0;39m [32m INFO[0;39m [35m91567[0;39m [2m---[0;39m [2m[eureka-server] [           main][0;39m [2m[0;39m[36mc.n.d.provider.DiscoveryJerseyProvider  [0;39m [2m:[0;39m Using XML encoding codec XStreamXml
[2m2025-07-11T16:44:15.346+08:00[0;39m [32m INFO[0;39m [35m91567[0;39m [2m---[0;39m [2m[eureka-server] [           main][0;39m [2m[0;39m[36mc.n.d.provider.DiscoveryJerseyProvider  [0;39m [2m:[0;39m Using XML decoding codec XStreamXml
[2m2025-07-11T16:44:15.775+08:00[0;39m [33m WARN[0;39m [35m91567[0;39m [2m---[0;39m [2m[eureka-server] [           main][0;39m [2m[0;39m[36miguration$LoadBalancerCaffeineWarnLogger[0;39m [2m:[0;39m Spring Cloud LoadBalancer is currently working with the default cache. While this cache implementation is useful for development and tests, it's recommended to use Caffeine cache in production.You can switch to using Caffeine cache, by adding it and org.springframework.cache.caffeine.CaffeineCacheManager to the classpath.
[2m2025-07-11T16:44:15.786+08:00[0;39m [32m INFO[0;39m [35m91567[0;39m [2m---[0;39m [2m[eureka-server] [           main][0;39m [2m[0;39m[36mo.s.c.n.eureka.InstanceInfoFactory      [0;39m [2m:[0;39m Setting initial instance status as: STARTING
[2m2025-07-11T16:44:15.800+08:00[0;39m [32m INFO[0;39m [35m91567[0;39m [2m---[0;39m [2m[eureka-server] [           main][0;39m [2m[0;39m[36mcom.netflix.discovery.DiscoveryClient   [0;39m [2m:[0;39m Initializing Eureka in region us-east-1
[2m2025-07-11T16:44:15.800+08:00[0;39m [32m INFO[0;39m [35m91567[0;39m [2m---[0;39m [2m[eureka-server] [           main][0;39m [2m[0;39m[36mcom.netflix.discovery.DiscoveryClient   [0;39m [2m:[0;39m Client configured to neither register nor query for data.
[2m2025-07-11T16:44:15.805+08:00[0;39m [32m INFO[0;39m [35m91567[0;39m [2m---[0;39m [2m[eureka-server] [           main][0;39m [2m[0;39m[36mcom.netflix.discovery.DiscoveryClient   [0;39m [2m:[0;39m Discovery Client initialized at timestamp 1752223455804 with initial instances count: 0
[2m2025-07-11T16:44:15.825+08:00[0;39m [32m INFO[0;39m [35m91567[0;39m [2m---[0;39m [2m[eureka-server] [           main][0;39m [2m[0;39m[36mc.n.eureka.DefaultEurekaServerContext   [0;39m [2m:[0;39m Initializing ...
[2m2025-07-11T16:44:15.826+08:00[0;39m [33m WARN[0;39m [35m91567[0;39m [2m---[0;39m [2m[eureka-server] [           main][0;39m [2m[0;39m[36mc.n.eureka.cluster.PeerEurekaNodes      [0;39m [2m:[0;39m The replica size seems to be empty. Check the route 53 DNS Registry
[2m2025-07-11T16:44:15.885+08:00[0;39m [32m INFO[0;39m [35m91567[0;39m [2m---[0;39m [2m[eureka-server] [           main][0;39m [2m[0;39m[36mc.n.e.registry.AbstractInstanceRegistry [0;39m [2m:[0;39m Finished initializing remote region registries. All known remote regions: []
[2m2025-07-11T16:44:15.886+08:00[0;39m [32m INFO[0;39m [35m91567[0;39m [2m---[0;39m [2m[eureka-server] [           main][0;39m [2m[0;39m[36mc.n.eureka.DefaultEurekaServerContext   [0;39m [2m:[0;39m Initialized
[2m2025-07-11T16:44:15.893+08:00[0;39m [32m INFO[0;39m [35m91567[0;39m [2m---[0;39m [2m[eureka-server] [           main][0;39m [2m[0;39m[36mo.s.b.a.e.web.EndpointLinksResolver     [0;39m [2m:[0;39m Exposing 1 endpoint(s) beneath base path '/actuator'
[2m2025-07-11T16:44:15.921+08:00[0;39m [32m INFO[0;39m [35m91567[0;39m [2m---[0;39m [2m[eureka-server] [           main][0;39m [2m[0;39m[36mo.s.c.n.e.s.EurekaServiceRegistry       [0;39m [2m:[0;39m Registering application EUREKA-SERVER with eureka with status UP
[2m2025-07-11T16:44:15.927+08:00[0;39m [32m INFO[0;39m [35m91567[0;39m [2m---[0;39m [2m[eureka-server] [       Thread-9][0;39m [2m[0;39m[36mo.s.c.n.e.server.EurekaServerBootstrap  [0;39m [2m:[0;39m isAws returned false
[2m2025-07-11T16:44:15.927+08:00[0;39m [32m INFO[0;39m [35m91567[0;39m [2m---[0;39m [2m[eureka-server] [       Thread-9][0;39m [2m[0;39m[36mo.s.c.n.e.server.EurekaServerBootstrap  [0;39m [2m:[0;39m Initialized server context
[2m2025-07-11T16:44:15.927+08:00[0;39m [32m INFO[0;39m [35m91567[0;39m [2m---[0;39m [2m[eureka-server] [       Thread-9][0;39m [2m[0;39m[36mc.n.e.r.PeerAwareInstanceRegistryImpl   [0;39m [2m:[0;39m Got 1 instances from neighboring DS node
[2m2025-07-11T16:44:15.927+08:00[0;39m [32m INFO[0;39m [35m91567[0;39m [2m---[0;39m [2m[eureka-server] [       Thread-9][0;39m [2m[0;39m[36mc.n.e.r.PeerAwareInstanceRegistryImpl   [0;39m [2m:[0;39m Renew threshold is: 1
[2m2025-07-11T16:44:15.927+08:00[0;39m [32m INFO[0;39m [35m91567[0;39m [2m---[0;39m [2m[eureka-server] [       Thread-9][0;39m [2m[0;39m[36mc.n.e.r.PeerAwareInstanceRegistryImpl   [0;39m [2m:[0;39m Changing status to UP
[2m2025-07-11T16:44:15.930+08:00[0;39m [32m INFO[0;39m [35m91567[0;39m [2m---[0;39m [2m[eureka-server] [           main][0;39m [2m[0;39m[36mo.s.c.n.e.s.EurekaServiceRegistry       [0;39m [2m:[0;39m Unregistering application EUREKA-SERVER with eureka with status DOWN
[2m2025-07-11T16:44:15.930+08:00[0;39m [33m WARN[0;39m [35m91567[0;39m [2m---[0;39m [2m[eureka-server] [           main][0;39m [2m[0;39m[36mConfigServletWebServerApplicationContext[0;39m [2m:[0;39m Exception encountered during context initialization - cancelling refresh attempt: org.springframework.context.ApplicationContextException: Failed to start bean 'webServerStartStop'
[2m2025-07-11T16:44:15.930+08:00[0;39m [32m INFO[0;39m [35m91567[0;39m [2m---[0;39m [2m[eureka-server] [           main][0;39m [2m[0;39m[36mc.n.eureka.DefaultEurekaServerContext   [0;39m [2m:[0;39m Shutting down ...
[2m2025-07-11T16:44:15.933+08:00[0;39m [32m INFO[0;39m [35m91567[0;39m [2m---[0;39m [2m[eureka-server] [       Thread-9][0;39m [2m[0;39m[36me.s.EurekaServerInitializerConfiguration[0;39m [2m:[0;39m Started Eureka Server
[2m2025-07-11T16:44:15.936+08:00[0;39m [32m INFO[0;39m [35m91567[0;39m [2m---[0;39m [2m[eureka-server] [           main][0;39m [2m[0;39m[36mc.n.eureka.DefaultEurekaServerContext   [0;39m [2m:[0;39m Shut down
[2m2025-07-11T16:44:15.940+08:00[0;39m [32m INFO[0;39m [35m91567[0;39m [2m---[0;39m [2m[eureka-server] [           main][0;39m [2m[0;39m[36mcom.netflix.discovery.DiscoveryClient   [0;39m [2m:[0;39m Shutting down DiscoveryClient ...
[2m2025-07-11T16:44:15.940+08:00[0;39m [32m INFO[0;39m [35m91567[0;39m [2m---[0;39m [2m[eureka-server] [           main][0;39m [2m[0;39m[36mcom.netflix.discovery.DiscoveryClient   [0;39m [2m:[0;39m Completed shut down of DiscoveryClient
[2m2025-07-11T16:44:15.956+08:00[0;39m [32m INFO[0;39m [35m91567[0;39m [2m---[0;39m [2m[eureka-server] [           main][0;39m [2m[0;39m[36m.s.b.a.l.ConditionEvaluationReportLogger[0;39m [2m:[0;39m 

Error starting ApplicationContext. To display the condition evaluation report re-run your application with 'debug' enabled.
[2m2025-07-11T16:44:15.967+08:00[0;39m [31mERROR[0;39m [35m91567[0;39m [2m---[0;39m [2m[eureka-server] [           main][0;39m [2m[0;39m[36mo.s.b.d.LoggingFailureAnalysisReporter  [0;39m [2m:[0;39m 

***************************
APPLICATION FAILED TO START
***************************

Description:

Web server failed to start. Port 8761 was already in use.

Action:

Identify and stop the process that's listening on port 8761 or configure this application to listen on another port.

[INFO] ------------------------------------------------------------------------
[INFO] BUILD FAILURE
[INFO] ------------------------------------------------------------------------
[INFO] Total time:  3.422 s
[INFO] Finished at: 2025-07-11T16:44:15+08:00
[INFO] ------------------------------------------------------------------------
[ERROR] Failed to execute goal org.springframework.boot:spring-boot-maven-plugin:3.2.0:run (default-cli) on project sport-venue-eureka: Process terminated with exit code: 1 -> [Help 1]
[ERROR] 
[ERROR] To see the full stack trace of the errors, re-run Maven with the -e switch.
[ERROR] Re-run Maven using the -X switch to enable full debug logging.
[ERROR] 
[ERROR] For more information about the errors and possible solutions, please read the following articles:
[ERROR] [Help 1] http://cwiki.apache.org/confluence/display/MAVEN/MojoExecutionException
