WARNING: A terminally deprecated method in sun.misc.Unsafe has been called
WARNING: sun.misc.Unsafe::staticFieldBase has been called by com.google.inject.internal.aop.HiddenClassDefiner (file:/opt/homebrew/Cellar/maven/3.9.10/libexec/lib/guice-5.1.0-classes.jar)
WARNING: Please consider reporting this to the maintainers of class com.google.inject.internal.aop.HiddenClassDefiner
WARNING: sun.misc.Unsafe::staticFieldBase will be removed in a future release
[INFO] Scanning for projects...
[INFO] 
[INFO] -----------------< com.sportvenue:sport-venue-gateway >-----------------
[INFO] Building sport-venue-gateway 1.0.0-SNAPSHOT
[INFO]   from pom.xml
[INFO] --------------------------------[ jar ]---------------------------------
[INFO] 
[INFO] >>> spring-boot:3.2.0:run (default-cli) > test-compile @ sport-venue-gateway >>>
[INFO] 
[INFO] --- resources:3.3.1:resources (default-resources) @ sport-venue-gateway ---
[WARNING] Using platform encoding (UTF-8 actually) to copy filtered resources, i.e. build is platform dependent!
[INFO] Copying 3 resources from src/main/resources to target/classes
[INFO] 
[INFO] --- compiler:3.13.0:compile (default-compile) @ sport-venue-gateway ---
[INFO] Nothing to compile - all classes are up to date.
[INFO] 
[INFO] --- resources:3.3.1:testResources (default-testResources) @ sport-venue-gateway ---
[WARNING] Using platform encoding (UTF-8 actually) to copy filtered resources, i.e. build is platform dependent!
[INFO] skip non existing resourceDirectory /Users/peter/Desktop/file/code/pri/java/sport-venue/sport-venue-gateway/src/test/resources
[INFO] 
[INFO] --- compiler:3.13.0:testCompile (default-testCompile) @ sport-venue-gateway ---
[INFO] No sources to compile
[INFO] 
[INFO] <<< spring-boot:3.2.0:run (default-cli) < test-compile @ sport-venue-gateway <<<
[INFO] 
[INFO] 
[INFO] --- spring-boot:3.2.0:run (default-cli) @ sport-venue-gateway ---
[INFO] Attaching agents: []

  .   ____          _            __ _ _
 /\\ / ___'_ __ _ _(_)_ __  __ _ \ \ \ \
( ( )\___ | '_ | '_| | '_ \/ _` | \ \ \ \
 \\/  ___)| |_)| | | | | || (_| |  ) ) ) )
  '  |____| .__|_| |_|_| |_\__, | / / / /
 =========|_|==============|___/=/_/_/_/
[32m :: Spring Boot :: [39m              [2m (v3.2.0)[0;39m

[2m2025-07-11T16:44:34.842+08:00[0;39m [32m INFO[0;39m [35m91979[0;39m [2m---[0;39m [2m[gateway-service] [           main][0;39m [2m[0;39m[36mc.c.c.ConfigServicePropertySourceLocator[0;39m [2m:[0;39m Fetching config from server at : http://localhost:8888
[2m2025-07-11T16:44:35.280+08:00[0;39m [32m INFO[0;39m [35m91979[0;39m [2m---[0;39m [2m[gateway-service] [           main][0;39m [2m[0;39m[36mc.c.c.ConfigServicePropertySourceLocator[0;39m [2m:[0;39m Located environment: name=gateway, profiles=[local], label=main, version=null, state=null
[2m2025-07-11T16:44:35.281+08:00[0;39m [32m INFO[0;39m [35m91979[0;39m [2m---[0;39m [2m[gateway-service] [           main][0;39m [2m[0;39m[36mb.c.PropertySourceBootstrapConfiguration[0;39m [2m:[0;39m Located property source: [BootstrapPropertySource {name='bootstrapProperties-configClient'}, BootstrapPropertySource {name='bootstrapProperties-classpath:/config-repo/gateway.yml'}, BootstrapPropertySource {name='bootstrapProperties-classpath:/config-repo/application.yml'}]
[2m2025-07-11T16:44:35.292+08:00[0;39m [32m INFO[0;39m [35m91979[0;39m [2m---[0;39m [2m[gateway-service] [           main][0;39m [2m[0;39m[36mc.sportvenue.gateway.GatewayApplication [0;39m [2m:[0;39m The following 1 profile is active: "local"
[2m2025-07-11T16:44:36.015+08:00[0;39m [32m INFO[0;39m [35m91979[0;39m [2m---[0;39m [2m[gateway-service] [           main][0;39m [2m[0;39m[36mo.s.cloud.context.scope.GenericScope    [0;39m [2m:[0;39m BeanFactory id=0bc0be02-6eae-3741-8666-cc24239ecd13
[2m2025-07-11T16:44:36.057+08:00[0;39m [33m WARN[0;39m [35m91979[0;39m [2m---[0;39m [2m[gateway-service] [           main][0;39m [2m[0;39m[36mtrationDelegate$BeanPostProcessorChecker[0;39m [2m:[0;39m Bean 'org.springframework.cloud.client.loadbalancer.LoadBalancerAutoConfiguration$LoadBalancerInterceptorConfig' of type [org.springframework.cloud.client.loadbalancer.LoadBalancerAutoConfiguration$LoadBalancerInterceptorConfig] is not eligible for getting processed by all BeanPostProcessors (for example: not eligible for auto-proxying). The currently created BeanPostProcessor [lbRestClientPostProcessor] is declared through a non-static factory method on that class; consider declaring it as static instead.
[2m2025-07-11T16:44:36.064+08:00[0;39m [33m WARN[0;39m [35m91979[0;39m [2m---[0;39m [2m[gateway-service] [           main][0;39m [2m[0;39m[36mtrationDelegate$BeanPostProcessorChecker[0;39m [2m:[0;39m Bean 'org.springframework.cloud.loadbalancer.config.BlockingLoadBalancerClientAutoConfiguration' of type [org.springframework.cloud.loadbalancer.config.BlockingLoadBalancerClientAutoConfiguration] is not eligible for getting processed by all BeanPostProcessors (for example: not eligible for auto-proxying). Is this bean getting eagerly injected into a currently created BeanPostProcessor [lbRestClientPostProcessor]? Check the corresponding BeanPostProcessor declaration and its dependencies.
[2m2025-07-11T16:44:36.066+08:00[0;39m [33m WARN[0;39m [35m91979[0;39m [2m---[0;39m [2m[gateway-service] [           main][0;39m [2m[0;39m[36mtrationDelegate$BeanPostProcessorChecker[0;39m [2m:[0;39m Bean 'org.springframework.cloud.loadbalancer.config.LoadBalancerAutoConfiguration' of type [org.springframework.cloud.loadbalancer.config.LoadBalancerAutoConfiguration] is not eligible for getting processed by all BeanPostProcessors (for example: not eligible for auto-proxying). Is this bean getting eagerly injected into a currently created BeanPostProcessor [lbRestClientPostProcessor]? Check the corresponding BeanPostProcessor declaration and its dependencies.
[2m2025-07-11T16:44:36.071+08:00[0;39m [33m WARN[0;39m [35m91979[0;39m [2m---[0;39m [2m[gateway-service] [           main][0;39m [2m[0;39m[36mtrationDelegate$BeanPostProcessorChecker[0;39m [2m:[0;39m Bean 'org.springframework.cloud.commons.config.CommonsConfigAutoConfiguration' of type [org.springframework.cloud.commons.config.CommonsConfigAutoConfiguration] is not eligible for getting processed by all BeanPostProcessors (for example: not eligible for auto-proxying). Is this bean getting eagerly injected into a currently created BeanPostProcessor [lbRestClientPostProcessor]? Check the corresponding BeanPostProcessor declaration and its dependencies.
[2m2025-07-11T16:44:36.073+08:00[0;39m [33m WARN[0;39m [35m91979[0;39m [2m---[0;39m [2m[gateway-service] [           main][0;39m [2m[0;39m[36mtrationDelegate$BeanPostProcessorChecker[0;39m [2m:[0;39m Bean 'org.springframework.cloud.client.loadbalancer.LoadBalancerDefaultMappingsProviderAutoConfiguration' of type [org.springframework.cloud.client.loadbalancer.LoadBalancerDefaultMappingsProviderAutoConfiguration] is not eligible for getting processed by all BeanPostProcessors (for example: not eligible for auto-proxying). Is this bean getting eagerly injected into a currently created BeanPostProcessor [lbRestClientPostProcessor]? Check the corresponding BeanPostProcessor declaration and its dependencies.
[2m2025-07-11T16:44:36.074+08:00[0;39m [33m WARN[0;39m [35m91979[0;39m [2m---[0;39m [2m[gateway-service] [           main][0;39m [2m[0;39m[36mtrationDelegate$BeanPostProcessorChecker[0;39m [2m:[0;39m Bean 'loadBalancerClientsDefaultsMappingsProvider' of type [org.springframework.cloud.client.loadbalancer.LoadBalancerDefaultMappingsProviderAutoConfiguration$$Lambda/0x000003c0012f76b8] is not eligible for getting processed by all BeanPostProcessors (for example: not eligible for auto-proxying). Is this bean getting eagerly injected into a currently created BeanPostProcessor [lbRestClientPostProcessor]? Check the corresponding BeanPostProcessor declaration and its dependencies.
[2m2025-07-11T16:44:36.075+08:00[0;39m [33m WARN[0;39m [35m91979[0;39m [2m---[0;39m [2m[gateway-service] [           main][0;39m [2m[0;39m[36mtrationDelegate$BeanPostProcessorChecker[0;39m [2m:[0;39m Bean 'defaultsBindHandlerAdvisor' of type [org.springframework.cloud.commons.config.DefaultsBindHandlerAdvisor] is not eligible for getting processed by all BeanPostProcessors (for example: not eligible for auto-proxying). Is this bean getting eagerly injected into a currently created BeanPostProcessor [lbRestClientPostProcessor]? Check the corresponding BeanPostProcessor declaration and its dependencies.
[2m2025-07-11T16:44:36.082+08:00[0;39m [33m WARN[0;39m [35m91979[0;39m [2m---[0;39m [2m[gateway-service] [           main][0;39m [2m[0;39m[36mtrationDelegate$BeanPostProcessorChecker[0;39m [2m:[0;39m Bean 'spring.cloud.loadbalancer-org.springframework.cloud.client.loadbalancer.LoadBalancerClientsProperties' of type [org.springframework.cloud.client.loadbalancer.LoadBalancerClientsProperties] is not eligible for getting processed by all BeanPostProcessors (for example: not eligible for auto-proxying). Is this bean getting eagerly injected into a currently created BeanPostProcessor [lbRestClientPostProcessor]? Check the corresponding BeanPostProcessor declaration and its dependencies.
[2m2025-07-11T16:44:36.090+08:00[0;39m [33m WARN[0;39m [35m91979[0;39m [2m---[0;39m [2m[gateway-service] [           main][0;39m [2m[0;39m[36mtrationDelegate$BeanPostProcessorChecker[0;39m [2m:[0;39m Bean 'default.org.springframework.cloud.loadbalancer.config.LoadBalancerAutoConfiguration.LoadBalancerClientSpecification' of type [org.springframework.cloud.loadbalancer.annotation.LoadBalancerClientSpecification] is not eligible for getting processed by all BeanPostProcessors (for example: not eligible for auto-proxying). Is this bean getting eagerly injected into a currently created BeanPostProcessor [lbRestClientPostProcessor]? Check the corresponding BeanPostProcessor declaration and its dependencies.
[2m2025-07-11T16:44:36.091+08:00[0;39m [33m WARN[0;39m [35m91979[0;39m [2m---[0;39m [2m[gateway-service] [           main][0;39m [2m[0;39m[36mtrationDelegate$BeanPostProcessorChecker[0;39m [2m:[0;39m Bean 'default.org.springframework.cloud.loadbalancer.config.BlockingLoadBalancerClientAutoConfiguration.LoadBalancerClientSpecification' of type [org.springframework.cloud.loadbalancer.annotation.LoadBalancerClientSpecification] is not eligible for getting processed by all BeanPostProcessors (for example: not eligible for auto-proxying). Is this bean getting eagerly injected into a currently created BeanPostProcessor [lbRestClientPostProcessor]? Check the corresponding BeanPostProcessor declaration and its dependencies.
[2m2025-07-11T16:44:36.092+08:00[0;39m [33m WARN[0;39m [35m91979[0;39m [2m---[0;39m [2m[gateway-service] [           main][0;39m [2m[0;39m[36mtrationDelegate$BeanPostProcessorChecker[0;39m [2m:[0;39m Bean 'default.org.springframework.cloud.netflix.eureka.loadbalancer.LoadBalancerEurekaAutoConfiguration.LoadBalancerClientSpecification' of type [org.springframework.cloud.loadbalancer.annotation.LoadBalancerClientSpecification] is not eligible for getting processed by all BeanPostProcessors (for example: not eligible for auto-proxying). Is this bean getting eagerly injected into a currently created BeanPostProcessor [lbRestClientPostProcessor]? Check the corresponding BeanPostProcessor declaration and its dependencies.
[2m2025-07-11T16:44:36.093+08:00[0;39m [33m WARN[0;39m [35m91979[0;39m [2m---[0;39m [2m[gateway-service] [           main][0;39m [2m[0;39m[36mtrationDelegate$BeanPostProcessorChecker[0;39m [2m:[0;39m Bean 'loadBalancerClientFactory' of type [org.springframework.cloud.loadbalancer.support.LoadBalancerClientFactory] is not eligible for getting processed by all BeanPostProcessors (for example: not eligible for auto-proxying). Is this bean getting eagerly injected into a currently created BeanPostProcessor [lbRestClientPostProcessor]? Check the corresponding BeanPostProcessor declaration and its dependencies.
[2m2025-07-11T16:44:36.096+08:00[0;39m [33m WARN[0;39m [35m91979[0;39m [2m---[0;39m [2m[gateway-service] [           main][0;39m [2m[0;39m[36mtrationDelegate$BeanPostProcessorChecker[0;39m [2m:[0;39m Bean 'blockingLoadBalancerClient' of type [org.springframework.cloud.loadbalancer.blocking.client.BlockingLoadBalancerClient] is not eligible for getting processed by all BeanPostProcessors (for example: not eligible for auto-proxying). Is this bean getting eagerly injected into a currently created BeanPostProcessor [lbRestClientPostProcessor]? Check the corresponding BeanPostProcessor declaration and its dependencies.
[2m2025-07-11T16:44:36.106+08:00[0;39m [33m WARN[0;39m [35m91979[0;39m [2m---[0;39m [2m[gateway-service] [           main][0;39m [2m[0;39m[36mtrationDelegate$BeanPostProcessorChecker[0;39m [2m:[0;39m Bean 'loadBalancerServiceInstanceCookieTransformer' of type [org.springframework.cloud.loadbalancer.core.LoadBalancerServiceInstanceCookieTransformer] is not eligible for getting processed by all BeanPostProcessors (for example: not eligible for auto-proxying). Is this bean getting eagerly injected into a currently created BeanPostProcessor [lbRestClientPostProcessor]? Check the corresponding BeanPostProcessor declaration and its dependencies.
[2m2025-07-11T16:44:36.108+08:00[0;39m [33m WARN[0;39m [35m91979[0;39m [2m---[0;39m [2m[gateway-service] [           main][0;39m [2m[0;39m[36mtrationDelegate$BeanPostProcessorChecker[0;39m [2m:[0;39m Bean 'xForwarderHeadersTransformer' of type [org.springframework.cloud.loadbalancer.blocking.XForwardedHeadersTransformer] is not eligible for getting processed by all BeanPostProcessors (for example: not eligible for auto-proxying). Is this bean getting eagerly injected into a currently created BeanPostProcessor [lbRestClientPostProcessor]? Check the corresponding BeanPostProcessor declaration and its dependencies.
[2m2025-07-11T16:44:36.110+08:00[0;39m [33m WARN[0;39m [35m91979[0;39m [2m---[0;39m [2m[gateway-service] [           main][0;39m [2m[0;39m[36mtrationDelegate$BeanPostProcessorChecker[0;39m [2m:[0;39m Bean 'org.springframework.cloud.client.loadbalancer.LoadBalancerAutoConfiguration' of type [org.springframework.cloud.client.loadbalancer.LoadBalancerAutoConfiguration] is not eligible for getting processed by all BeanPostProcessors (for example: not eligible for auto-proxying). Is this bean getting eagerly injected into a currently created BeanPostProcessor [lbRestClientPostProcessor]? Check the corresponding BeanPostProcessor declaration and its dependencies.
[2m2025-07-11T16:44:36.112+08:00[0;39m [33m WARN[0;39m [35m91979[0;39m [2m---[0;39m [2m[gateway-service] [           main][0;39m [2m[0;39m[36mtrationDelegate$BeanPostProcessorChecker[0;39m [2m:[0;39m Bean 'loadBalancerRequestFactory' of type [org.springframework.cloud.client.loadbalancer.LoadBalancerRequestFactory] is not eligible for getting processed by all BeanPostProcessors (for example: not eligible for auto-proxying). Is this bean getting eagerly injected into a currently created BeanPostProcessor [lbRestClientPostProcessor]? Check the corresponding BeanPostProcessor declaration and its dependencies.
[2m2025-07-11T16:44:36.113+08:00[0;39m [33m WARN[0;39m [35m91979[0;39m [2m---[0;39m [2m[gateway-service] [           main][0;39m [2m[0;39m[36mtrationDelegate$BeanPostProcessorChecker[0;39m [2m:[0;39m Bean 'loadBalancerInterceptor' of type [org.springframework.cloud.client.loadbalancer.LoadBalancerInterceptor] is not eligible for getting processed by all BeanPostProcessors (for example: not eligible for auto-proxying). Is this bean getting eagerly injected into a currently created BeanPostProcessor [lbRestClientPostProcessor]? Check the corresponding BeanPostProcessor declaration and its dependencies.
[2m2025-07-11T16:44:36.116+08:00[0;39m [33m WARN[0;39m [35m91979[0;39m [2m---[0;39m [2m[gateway-service] [           main][0;39m [2m[0;39m[36mtrationDelegate$BeanPostProcessorChecker[0;39m [2m:[0;39m Bean 'org.springframework.cloud.client.loadbalancer.reactive.LoadBalancerBeanPostProcessorAutoConfiguration' of type [org.springframework.cloud.client.loadbalancer.reactive.LoadBalancerBeanPostProcessorAutoConfiguration] is not eligible for getting processed by all BeanPostProcessors (for example: not eligible for auto-proxying). The currently created BeanPostProcessor [loadBalancerWebClientBuilderBeanPostProcessor] is declared through a non-static factory method on that class; consider declaring it as static instead.
[2m2025-07-11T16:44:36.119+08:00[0;39m [33m WARN[0;39m [35m91979[0;39m [2m---[0;39m [2m[gateway-service] [           main][0;39m [2m[0;39m[36mtrationDelegate$BeanPostProcessorChecker[0;39m [2m:[0;39m Bean 'org.springframework.cloud.client.loadbalancer.reactive.LoadBalancerBeanPostProcessorAutoConfiguration$ReactorDeferringLoadBalancerFilterConfig' of type [org.springframework.cloud.client.loadbalancer.reactive.LoadBalancerBeanPostProcessorAutoConfiguration$ReactorDeferringLoadBalancerFilterConfig] is not eligible for getting processed by all BeanPostProcessors (for example: not eligible for auto-proxying). Is this bean getting eagerly injected into a currently created BeanPostProcessor [loadBalancerWebClientBuilderBeanPostProcessor]? Check the corresponding BeanPostProcessor declaration and its dependencies.
[2m2025-07-11T16:44:36.121+08:00[0;39m [33m WARN[0;39m [35m91979[0;39m [2m---[0;39m [2m[gateway-service] [           main][0;39m [2m[0;39m[36mtrationDelegate$BeanPostProcessorChecker[0;39m [2m:[0;39m Bean 'reactorDeferringLoadBalancerExchangeFilterFunction' of type [org.springframework.cloud.client.loadbalancer.reactive.DeferringLoadBalancerExchangeFilterFunction] is not eligible for getting processed by all BeanPostProcessors (for example: not eligible for auto-proxying). Is this bean getting eagerly injected into a currently created BeanPostProcessor [loadBalancerWebClientBuilderBeanPostProcessor]? Check the corresponding BeanPostProcessor declaration and its dependencies.
WARNING: A terminally deprecated method in sun.misc.Unsafe has been called
WARNING: sun.misc.Unsafe::objectFieldOffset has been called by io.netty.util.internal.PlatformDependent0$4 (file:/Users/peter/.m2/repository/io/netty/netty-common/4.1.101.Final/netty-common-4.1.101.Final.jar)
WARNING: Please consider reporting this to the maintainers of class io.netty.util.internal.PlatformDependent0$4
WARNING: sun.misc.Unsafe::objectFieldOffset will be removed in a future release
[2m2025-07-11T16:44:37.240+08:00[0;39m [32m INFO[0;39m [35m91979[0;39m [2m---[0;39m [2m[gateway-service] [           main][0;39m [2m[0;39m[36mo.s.c.g.r.RouteDefinitionRouteLocator   [0;39m [2m:[0;39m Loaded RoutePredicateFactory [After]
[2m2025-07-11T16:44:37.240+08:00[0;39m [32m INFO[0;39m [35m91979[0;39m [2m---[0;39m [2m[gateway-service] [           main][0;39m [2m[0;39m[36mo.s.c.g.r.RouteDefinitionRouteLocator   [0;39m [2m:[0;39m Loaded RoutePredicateFactory [Before]
[2m2025-07-11T16:44:37.240+08:00[0;39m [32m INFO[0;39m [35m91979[0;39m [2m---[0;39m [2m[gateway-service] [           main][0;39m [2m[0;39m[36mo.s.c.g.r.RouteDefinitionRouteLocator   [0;39m [2m:[0;39m Loaded RoutePredicateFactory [Between]
[2m2025-07-11T16:44:37.240+08:00[0;39m [32m INFO[0;39m [35m91979[0;39m [2m---[0;39m [2m[gateway-service] [           main][0;39m [2m[0;39m[36mo.s.c.g.r.RouteDefinitionRouteLocator   [0;39m [2m:[0;39m Loaded RoutePredicateFactory [Cookie]
[2m2025-07-11T16:44:37.240+08:00[0;39m [32m INFO[0;39m [35m91979[0;39m [2m---[0;39m [2m[gateway-service] [           main][0;39m [2m[0;39m[36mo.s.c.g.r.RouteDefinitionRouteLocator   [0;39m [2m:[0;39m Loaded RoutePredicateFactory [Header]
[2m2025-07-11T16:44:37.240+08:00[0;39m [32m INFO[0;39m [35m91979[0;39m [2m---[0;39m [2m[gateway-service] [           main][0;39m [2m[0;39m[36mo.s.c.g.r.RouteDefinitionRouteLocator   [0;39m [2m:[0;39m Loaded RoutePredicateFactory [Host]
[2m2025-07-11T16:44:37.240+08:00[0;39m [32m INFO[0;39m [35m91979[0;39m [2m---[0;39m [2m[gateway-service] [           main][0;39m [2m[0;39m[36mo.s.c.g.r.RouteDefinitionRouteLocator   [0;39m [2m:[0;39m Loaded RoutePredicateFactory [Method]
[2m2025-07-11T16:44:37.240+08:00[0;39m [32m INFO[0;39m [35m91979[0;39m [2m---[0;39m [2m[gateway-service] [           main][0;39m [2m[0;39m[36mo.s.c.g.r.RouteDefinitionRouteLocator   [0;39m [2m:[0;39m Loaded RoutePredicateFactory [Path]
[2m2025-07-11T16:44:37.240+08:00[0;39m [32m INFO[0;39m [35m91979[0;39m [2m---[0;39m [2m[gateway-service] [           main][0;39m [2m[0;39m[36mo.s.c.g.r.RouteDefinitionRouteLocator   [0;39m [2m:[0;39m Loaded RoutePredicateFactory [Query]
[2m2025-07-11T16:44:37.240+08:00[0;39m [32m INFO[0;39m [35m91979[0;39m [2m---[0;39m [2m[gateway-service] [           main][0;39m [2m[0;39m[36mo.s.c.g.r.RouteDefinitionRouteLocator   [0;39m [2m:[0;39m Loaded RoutePredicateFactory [ReadBody]
[2m2025-07-11T16:44:37.240+08:00[0;39m [32m INFO[0;39m [35m91979[0;39m [2m---[0;39m [2m[gateway-service] [           main][0;39m [2m[0;39m[36mo.s.c.g.r.RouteDefinitionRouteLocator   [0;39m [2m:[0;39m Loaded RoutePredicateFactory [RemoteAddr]
[2m2025-07-11T16:44:37.240+08:00[0;39m [32m INFO[0;39m [35m91979[0;39m [2m---[0;39m [2m[gateway-service] [           main][0;39m [2m[0;39m[36mo.s.c.g.r.RouteDefinitionRouteLocator   [0;39m [2m:[0;39m Loaded RoutePredicateFactory [XForwardedRemoteAddr]
[2m2025-07-11T16:44:37.240+08:00[0;39m [32m INFO[0;39m [35m91979[0;39m [2m---[0;39m [2m[gateway-service] [           main][0;39m [2m[0;39m[36mo.s.c.g.r.RouteDefinitionRouteLocator   [0;39m [2m:[0;39m Loaded RoutePredicateFactory [Weight]
[2m2025-07-11T16:44:37.240+08:00[0;39m [32m INFO[0;39m [35m91979[0;39m [2m---[0;39m [2m[gateway-service] [           main][0;39m [2m[0;39m[36mo.s.c.g.r.RouteDefinitionRouteLocator   [0;39m [2m:[0;39m Loaded RoutePredicateFactory [CloudFoundryRouteService]
[2m2025-07-11T16:44:37.480+08:00[0;39m [32m INFO[0;39m [35m91979[0;39m [2m---[0;39m [2m[gateway-service] [           main][0;39m [2m[0;39m[36mDiscoveryClientOptionalArgsConfiguration[0;39m [2m:[0;39m Eureka HTTP Client uses RestTemplate.
[2m2025-07-11T16:44:37.531+08:00[0;39m [33m WARN[0;39m [35m91979[0;39m [2m---[0;39m [2m[gateway-service] [           main][0;39m [2m[0;39m[36miguration$LoadBalancerCaffeineWarnLogger[0;39m [2m:[0;39m Spring Cloud LoadBalancer is currently working with the default cache. While this cache implementation is useful for development and tests, it's recommended to use Caffeine cache in production.You can switch to using Caffeine cache, by adding it and org.springframework.cache.caffeine.CaffeineCacheManager to the classpath.
[2m2025-07-11T16:44:37.561+08:00[0;39m [32m INFO[0;39m [35m91979[0;39m [2m---[0;39m [2m[gateway-service] [           main][0;39m [2m[0;39m[36mo.s.c.n.eureka.InstanceInfoFactory      [0;39m [2m:[0;39m Setting initial instance status as: STARTING
[2m2025-07-11T16:44:37.711+08:00[0;39m [32m INFO[0;39m [35m91979[0;39m [2m---[0;39m [2m[gateway-service] [           main][0;39m [2m[0;39m[36mcom.netflix.discovery.DiscoveryClient   [0;39m [2m:[0;39m Initializing Eureka in region us-east-1
[2m2025-07-11T16:44:37.716+08:00[0;39m [32m INFO[0;39m [35m91979[0;39m [2m---[0;39m [2m[gateway-service] [           main][0;39m [2m[0;39m[36mc.n.d.s.r.aws.ConfigClusterResolver     [0;39m [2m:[0;39m Resolving eureka endpoints via configuration
[2m2025-07-11T16:44:37.735+08:00[0;39m [32m INFO[0;39m [35m91979[0;39m [2m---[0;39m [2m[gateway-service] [           main][0;39m [2m[0;39m[36mcom.netflix.discovery.DiscoveryClient   [0;39m [2m:[0;39m Disable delta property : false
[2m2025-07-11T16:44:37.735+08:00[0;39m [32m INFO[0;39m [35m91979[0;39m [2m---[0;39m [2m[gateway-service] [           main][0;39m [2m[0;39m[36mcom.netflix.discovery.DiscoveryClient   [0;39m [2m:[0;39m Single vip registry refresh property : null
[2m2025-07-11T16:44:37.735+08:00[0;39m [32m INFO[0;39m [35m91979[0;39m [2m---[0;39m [2m[gateway-service] [           main][0;39m [2m[0;39m[36mcom.netflix.discovery.DiscoveryClient   [0;39m [2m:[0;39m Force full registry fetch : false
[2m2025-07-11T16:44:37.735+08:00[0;39m [32m INFO[0;39m [35m91979[0;39m [2m---[0;39m [2m[gateway-service] [           main][0;39m [2m[0;39m[36mcom.netflix.discovery.DiscoveryClient   [0;39m [2m:[0;39m Application is null : false
[2m2025-07-11T16:44:37.735+08:00[0;39m [32m INFO[0;39m [35m91979[0;39m [2m---[0;39m [2m[gateway-service] [           main][0;39m [2m[0;39m[36mcom.netflix.discovery.DiscoveryClient   [0;39m [2m:[0;39m Registered Applications size is zero : true
[2m2025-07-11T16:44:37.735+08:00[0;39m [32m INFO[0;39m [35m91979[0;39m [2m---[0;39m [2m[gateway-service] [           main][0;39m [2m[0;39m[36mcom.netflix.discovery.DiscoveryClient   [0;39m [2m:[0;39m Application version is -1: true
[2m2025-07-11T16:44:37.735+08:00[0;39m [32m INFO[0;39m [35m91979[0;39m [2m---[0;39m [2m[gateway-service] [           main][0;39m [2m[0;39m[36mcom.netflix.discovery.DiscoveryClient   [0;39m [2m:[0;39m Getting all instance registry info from the eureka server
[2m2025-07-11T16:44:38.537+08:00[0;39m [32m INFO[0;39m [35m91979[0;39m [2m---[0;39m [2m[gateway-service] [           main][0;39m [2m[0;39m[36mcom.netflix.discovery.DiscoveryClient   [0;39m [2m:[0;39m The response status is 200
[2m2025-07-11T16:44:38.539+08:00[0;39m [32m INFO[0;39m [35m91979[0;39m [2m---[0;39m [2m[gateway-service] [           main][0;39m [2m[0;39m[36mcom.netflix.discovery.DiscoveryClient   [0;39m [2m:[0;39m Starting heartbeat executor: renew interval is: 30
[2m2025-07-11T16:44:38.541+08:00[0;39m [32m INFO[0;39m [35m91979[0;39m [2m---[0;39m [2m[gateway-service] [           main][0;39m [2m[0;39m[36mc.n.discovery.InstanceInfoReplicator    [0;39m [2m:[0;39m InstanceInfoReplicator onDemand update allowed rate per min is 4
[2m2025-07-11T16:44:38.547+08:00[0;39m [32m INFO[0;39m [35m91979[0;39m [2m---[0;39m [2m[gateway-service] [           main][0;39m [2m[0;39m[36mcom.netflix.discovery.DiscoveryClient   [0;39m [2m:[0;39m Discovery Client initialized at timestamp 1752223478546 with initial instances count: 0
[2m2025-07-11T16:44:38.549+08:00[0;39m [32m INFO[0;39m [35m91979[0;39m [2m---[0;39m [2m[gateway-service] [           main][0;39m [2m[0;39m[36mo.s.c.n.e.s.EurekaServiceRegistry       [0;39m [2m:[0;39m Registering application GATEWAY-SERVICE with eureka with status UP
[2m2025-07-11T16:44:38.550+08:00[0;39m [32m INFO[0;39m [35m91979[0;39m [2m---[0;39m [2m[gateway-service] [           main][0;39m [2m[0;39m[36mcom.netflix.discovery.DiscoveryClient   [0;39m [2m:[0;39m Saw local status change event StatusChangeEvent [timestamp=1752223478550, current=UP, previous=STARTING]
[2m2025-07-11T16:44:38.551+08:00[0;39m [32m INFO[0;39m [35m91979[0;39m [2m---[0;39m [2m[gateway-service] [nfoReplicator-0][0;39m [2m[0;39m[36mcom.netflix.discovery.DiscoveryClient   [0;39m [2m:[0;39m DiscoveryClient_GATEWAY-SERVICE/192.168.96.49:gateway-service:8080: registering service...
[2m2025-07-11T16:44:38.746+08:00[0;39m [32m INFO[0;39m [35m91979[0;39m [2m---[0;39m [2m[gateway-service] [nfoReplicator-0][0;39m [2m[0;39m[36mcom.netflix.discovery.DiscoveryClient   [0;39m [2m:[0;39m DiscoveryClient_GATEWAY-SERVICE/192.168.96.49:gateway-service:8080 - registration status: 204
[2m2025-07-11T16:44:38.749+08:00[0;39m [32m INFO[0;39m [35m91979[0;39m [2m---[0;39m [2m[gateway-service] [           main][0;39m [2m[0;39m[36mo.s.b.web.embedded.netty.NettyWebServer [0;39m [2m:[0;39m Netty started on port 8080
[2m2025-07-11T16:44:38.750+08:00[0;39m [32m INFO[0;39m [35m91979[0;39m [2m---[0;39m [2m[gateway-service] [           main][0;39m [2m[0;39m[36m.s.c.n.e.s.EurekaAutoServiceRegistration[0;39m [2m:[0;39m Updating port to 8080
[2m2025-07-11T16:44:38.776+08:00[0;39m [32m INFO[0;39m [35m91979[0;39m [2m---[0;39m [2m[gateway-service] [           main][0;39m [2m[0;39m[36mc.sportvenue.gateway.GatewayApplication [0;39m [2m:[0;39m Started GatewayApplication in 6.155 seconds (process running for 6.602)
[2m2025-07-11T16:45:08.552+08:00[0;39m [32m INFO[0;39m [35m91979[0;39m [2m---[0;39m [2m[gateway-service] [freshExecutor-0][0;39m [2m[0;39m[36mcom.netflix.discovery.DiscoveryClient   [0;39m [2m:[0;39m Disable delta property : false
[2m2025-07-11T16:45:08.554+08:00[0;39m [32m INFO[0;39m [35m91979[0;39m [2m---[0;39m [2m[gateway-service] [freshExecutor-0][0;39m [2m[0;39m[36mcom.netflix.discovery.DiscoveryClient   [0;39m [2m:[0;39m Single vip registry refresh property : null
[2m2025-07-11T16:45:08.554+08:00[0;39m [32m INFO[0;39m [35m91979[0;39m [2m---[0;39m [2m[gateway-service] [freshExecutor-0][0;39m [2m[0;39m[36mcom.netflix.discovery.DiscoveryClient   [0;39m [2m:[0;39m Force full registry fetch : false
[2m2025-07-11T16:45:08.554+08:00[0;39m [32m INFO[0;39m [35m91979[0;39m [2m---[0;39m [2m[gateway-service] [freshExecutor-0][0;39m [2m[0;39m[36mcom.netflix.discovery.DiscoveryClient   [0;39m [2m:[0;39m Application is null : false
[2m2025-07-11T16:45:08.554+08:00[0;39m [32m INFO[0;39m [35m91979[0;39m [2m---[0;39m [2m[gateway-service] [freshExecutor-0][0;39m [2m[0;39m[36mcom.netflix.discovery.DiscoveryClient   [0;39m [2m:[0;39m Registered Applications size is zero : true
[2m2025-07-11T16:45:08.554+08:00[0;39m [32m INFO[0;39m [35m91979[0;39m [2m---[0;39m [2m[gateway-service] [freshExecutor-0][0;39m [2m[0;39m[36mcom.netflix.discovery.DiscoveryClient   [0;39m [2m:[0;39m Application version is -1: false
[2m2025-07-11T16:45:08.554+08:00[0;39m [32m INFO[0;39m [35m91979[0;39m [2m---[0;39m [2m[gateway-service] [freshExecutor-0][0;39m [2m[0;39m[36mcom.netflix.discovery.DiscoveryClient   [0;39m [2m:[0;39m Getting all instance registry info from the eureka server
[2m2025-07-11T16:45:08.588+08:00[0;39m [32m INFO[0;39m [35m91979[0;39m [2m---[0;39m [2m[gateway-service] [freshExecutor-0][0;39m [2m[0;39m[36mcom.netflix.discovery.DiscoveryClient   [0;39m [2m:[0;39m The response status is 200
[2m2025-07-11T16:49:37.747+08:00[0;39m [32m INFO[0;39m [35m91979[0;39m [2m---[0;39m [2m[gateway-service] [trap-executor-0][0;39m [2m[0;39m[36mc.n.d.s.r.aws.ConfigClusterResolver     [0;39m [2m:[0;39m Resolving eureka endpoints via configuration
[2m2025-07-11T16:54:37.760+08:00[0;39m [32m INFO[0;39m [35m91979[0;39m [2m---[0;39m [2m[gateway-service] [trap-executor-0][0;39m [2m[0;39m[36mc.n.d.s.r.aws.ConfigClusterResolver     [0;39m [2m:[0;39m Resolving eureka endpoints via configuration
[2m2025-07-11T16:59:37.773+08:00[0;39m [32m INFO[0;39m [35m91979[0;39m [2m---[0;39m [2m[gateway-service] [trap-executor-0][0;39m [2m[0;39m[36mc.n.d.s.r.aws.ConfigClusterResolver     [0;39m [2m:[0;39m Resolving eureka endpoints via configuration
[2m2025-07-11T17:08:10.140+08:00[0;39m [32m INFO[0;39m [35m91979[0;39m [2m---[0;39m [2m[gateway-service] [trap-executor-0][0;39m [2m[0;39m[36mc.n.d.s.r.aws.ConfigClusterResolver     [0;39m [2m:[0;39m Resolving eureka endpoints via configuration
[2m2025-07-11T17:13:10.148+08:00[0;39m [32m INFO[0;39m [35m91979[0;39m [2m---[0;39m [2m[gateway-service] [trap-executor-0][0;39m [2m[0;39m[36mc.n.d.s.r.aws.ConfigClusterResolver     [0;39m [2m:[0;39m Resolving eureka endpoints via configuration
[2m2025-07-11T17:18:10.157+08:00[0;39m [32m INFO[0;39m [35m91979[0;39m [2m---[0;39m [2m[gateway-service] [trap-executor-0][0;39m [2m[0;39m[36mc.n.d.s.r.aws.ConfigClusterResolver     [0;39m [2m:[0;39m Resolving eureka endpoints via configuration
[2m2025-07-11T17:23:10.165+08:00[0;39m [32m INFO[0;39m [35m91979[0;39m [2m---[0;39m [2m[gateway-service] [trap-executor-0][0;39m [2m[0;39m[36mc.n.d.s.r.aws.ConfigClusterResolver     [0;39m [2m:[0;39m Resolving eureka endpoints via configuration
[2m2025-07-11T17:24:50.637+08:00[0;39m [32m INFO[0;39m [35m91979[0;39m [2m---[0;39m [2m[gateway-service] [ionShutdownHook][0;39m [2m[0;39m[36mo.s.c.n.e.s.EurekaServiceRegistry       [0;39m [2m:[0;39m Unregistering application GATEWAY-SERVICE with eureka with status DOWN
[2m2025-07-11T17:24:50.639+08:00[0;39m [32m INFO[0;39m [35m91979[0;39m [2m---[0;39m [2m[gateway-service] [ionShutdownHook][0;39m [2m[0;39m[36mcom.netflix.discovery.DiscoveryClient   [0;39m [2m:[0;39m Saw local status change event StatusChangeEvent [timestamp=1752225890639, current=DOWN, previous=UP]
[2m2025-07-11T17:24:50.640+08:00[0;39m [32m INFO[0;39m [35m91979[0;39m [2m---[0;39m [2m[gateway-service] [nfoReplicator-0][0;39m [2m[0;39m[36mcom.netflix.discovery.DiscoveryClient   [0;39m [2m:[0;39m DiscoveryClient_GATEWAY-SERVICE/192.168.96.49:gateway-service:8080: registering service...
[2m2025-07-11T17:24:50.668+08:00[0;39m [32m INFO[0;39m [35m91979[0;39m [2m---[0;39m [2m[gateway-service] [nfoReplicator-0][0;39m [2m[0;39m[36mcom.netflix.discovery.DiscoveryClient   [0;39m [2m:[0;39m DiscoveryClient_GATEWAY-SERVICE/192.168.96.49:gateway-service:8080 - registration status: 204
[2m2025-07-11T17:24:52.749+08:00[0;39m [32m INFO[0;39m [35m91979[0;39m [2m---[0;39m [2m[gateway-service] [ionShutdownHook][0;39m [2m[0;39m[36mcom.netflix.discovery.DiscoveryClient   [0;39m [2m:[0;39m Shutting down DiscoveryClient ...
[2m2025-07-11T17:24:55.758+08:00[0;39m [32m INFO[0;39m [35m91979[0;39m [2m---[0;39m [2m[gateway-service] [ionShutdownHook][0;39m [2m[0;39m[36mcom.netflix.discovery.DiscoveryClient   [0;39m [2m:[0;39m Unregistering ...
[2m2025-07-11T17:24:55.766+08:00[0;39m [32m INFO[0;39m [35m91979[0;39m [2m---[0;39m [2m[gateway-service] [ionShutdownHook][0;39m [2m[0;39m[36mcom.netflix.discovery.DiscoveryClient   [0;39m [2m:[0;39m DiscoveryClient_GATEWAY-SERVICE/192.168.96.49:gateway-service:8080 - deregister  status: 200
[2m2025-07-11T17:24:55.771+08:00[0;39m [32m INFO[0;39m [35m91979[0;39m [2m---[0;39m [2m[gateway-service] [ionShutdownHook][0;39m [2m[0;39m[36mcom.netflix.discovery.DiscoveryClient   [0;39m [2m:[0;39m Completed shut down of DiscoveryClient
