WARNING: A terminally deprecated method in sun.misc.Unsafe has been called
WARNING: sun.misc.Unsafe::staticFieldBase has been called by com.google.inject.internal.aop.HiddenClassDefiner (file:/opt/homebrew/Cellar/maven/3.9.10/libexec/lib/guice-5.1.0-classes.jar)
WARNING: Please consider reporting this to the maintainers of class com.google.inject.internal.aop.HiddenClassDefiner
WARNING: sun.misc.Unsafe::staticFieldBase will be removed in a future release
[INFO] Scanning for projects...
[INFO] 
[INFO] ---------------< com.sportvenue:sport-venue-prediction >----------------
[INFO] Building sport-venue-prediction 1.0.0-SNAPSHOT
[INFO]   from pom.xml
[INFO] --------------------------------[ jar ]---------------------------------
[INFO] 
[INFO] >>> spring-boot:3.2.0:run (default-cli) > test-compile @ sport-venue-prediction >>>
[INFO] 
[INFO] --- resources:3.3.1:resources (default-resources) @ sport-venue-prediction ---
[WARNING] Using platform encoding (UTF-8 actually) to copy filtered resources, i.e. build is platform dependent!
[INFO] Copying 3 resources from src/main/resources to target/classes
[INFO] 
[INFO] --- compiler:3.13.0:compile (default-compile) @ sport-venue-prediction ---
[INFO] Recompiling the module because of changed source code.
[WARNING] File encoding has not been set, using platform encoding UTF-8, i.e. build is platform dependent!
[INFO] Compiling 5 source files with javac [debug release 21] to target/classes
[INFO] 
[INFO] --- resources:3.3.1:testResources (default-testResources) @ sport-venue-prediction ---
[WARNING] Using platform encoding (UTF-8 actually) to copy filtered resources, i.e. build is platform dependent!
[INFO] skip non existing resourceDirectory /Users/peter/Desktop/file/code/pri/java/sport-venue/sport-venue-prediction/src/test/resources
[INFO] 
[INFO] --- compiler:3.13.0:testCompile (default-testCompile) @ sport-venue-prediction ---
[INFO] No sources to compile
[INFO] 
[INFO] <<< spring-boot:3.2.0:run (default-cli) < test-compile @ sport-venue-prediction <<<
[INFO] 
[INFO] 
[INFO] --- spring-boot:3.2.0:run (default-cli) @ sport-venue-prediction ---
[INFO] Attaching agents: []

  .   ____          _            __ _ _
 /\\ / ___'_ __ _ _(_)_ __  __ _ \ \ \ \
( ( )\___ | '_ | '_| | '_ \/ _` | \ \ \ \
 \\/  ___)| |_)| | | | | || (_| |  ) ) ) )
  '  |____| .__|_| |_|_| |_\__, | / / / /
 =========|_|==============|___/=/_/_/_/
[32m :: Spring Boot :: [39m              [2m (v3.2.0)[0;39m

[2m2025-07-11T16:44:37.241+08:00[0;39m [32m INFO[0;39m [35m91987[0;39m [2m---[0;39m [2m[prediction-service] [           main][0;39m [2m[0;39m[36mc.c.c.ConfigServicePropertySourceLocator[0;39m [2m:[0;39m Fetching config from server at : http://localhost:8888
[2m2025-07-11T16:44:37.412+08:00[0;39m [32m INFO[0;39m [35m91987[0;39m [2m---[0;39m [2m[prediction-service] [           main][0;39m [2m[0;39m[36mc.c.c.ConfigServicePropertySourceLocator[0;39m [2m:[0;39m Located environment: name=prediction-service, profiles=[local], label=main, version=null, state=null
[2m2025-07-11T16:44:37.413+08:00[0;39m [32m INFO[0;39m [35m91987[0;39m [2m---[0;39m [2m[prediction-service] [           main][0;39m [2m[0;39m[36mb.c.PropertySourceBootstrapConfiguration[0;39m [2m:[0;39m Located property source: [BootstrapPropertySource {name='bootstrapProperties-configClient'}, BootstrapPropertySource {name='bootstrapProperties-classpath:/config-repo/prediction-service.yml'}, BootstrapPropertySource {name='bootstrapProperties-classpath:/config-repo/application.yml'}]
[2m2025-07-11T16:44:37.421+08:00[0;39m [32m INFO[0;39m [35m91987[0;39m [2m---[0;39m [2m[prediction-service] [           main][0;39m [2m[0;39m[36mc.s.prediction.PredictionApplication    [0;39m [2m:[0;39m The following 1 profile is active: "local"
[2m2025-07-11T16:44:37.932+08:00[0;39m [32m INFO[0;39m [35m91987[0;39m [2m---[0;39m [2m[prediction-service] [           main][0;39m [2m[0;39m[36m.s.d.r.c.RepositoryConfigurationDelegate[0;39m [2m:[0;39m Multiple Spring Data modules found, entering strict repository configuration mode
[2m2025-07-11T16:44:37.934+08:00[0;39m [32m INFO[0;39m [35m91987[0;39m [2m---[0;39m [2m[prediction-service] [           main][0;39m [2m[0;39m[36m.s.d.r.c.RepositoryConfigurationDelegate[0;39m [2m:[0;39m Bootstrapping Spring Data Redis repositories in DEFAULT mode.
[2m2025-07-11T16:44:37.962+08:00[0;39m [32m INFO[0;39m [35m91987[0;39m [2m---[0;39m [2m[prediction-service] [           main][0;39m [2m[0;39m[36m.s.d.r.c.RepositoryConfigurationDelegate[0;39m [2m:[0;39m Finished Spring Data repository scanning in 7 ms. Found 0 Redis repository interfaces.
[2m2025-07-11T16:44:38.139+08:00[0;39m [32m INFO[0;39m [35m91987[0;39m [2m---[0;39m [2m[prediction-service] [           main][0;39m [2m[0;39m[36mo.s.cloud.context.scope.GenericScope    [0;39m [2m:[0;39m BeanFactory id=538e0680-e341-3efe-906e-085434fa6b73
[2m2025-07-11T16:44:38.180+08:00[0;39m [33m WARN[0;39m [35m91987[0;39m [2m---[0;39m [2m[prediction-service] [           main][0;39m [2m[0;39m[36mtrationDelegate$BeanPostProcessorChecker[0;39m [2m:[0;39m Bean 'org.springframework.cloud.client.loadbalancer.LoadBalancerAutoConfiguration$LoadBalancerInterceptorConfig' of type [org.springframework.cloud.client.loadbalancer.LoadBalancerAutoConfiguration$LoadBalancerInterceptorConfig] is not eligible for getting processed by all BeanPostProcessors (for example: not eligible for auto-proxying). The currently created BeanPostProcessor [lbRestClientPostProcessor] is declared through a non-static factory method on that class; consider declaring it as static instead.
[2m2025-07-11T16:44:38.182+08:00[0;39m [33m WARN[0;39m [35m91987[0;39m [2m---[0;39m [2m[prediction-service] [           main][0;39m [2m[0;39m[36mtrationDelegate$BeanPostProcessorChecker[0;39m [2m:[0;39m Bean 'org.springframework.cloud.loadbalancer.config.BlockingLoadBalancerClientAutoConfiguration' of type [org.springframework.cloud.loadbalancer.config.BlockingLoadBalancerClientAutoConfiguration] is not eligible for getting processed by all BeanPostProcessors (for example: not eligible for auto-proxying). Is this bean getting eagerly injected into a currently created BeanPostProcessor [lbRestClientPostProcessor]? Check the corresponding BeanPostProcessor declaration and its dependencies.
[2m2025-07-11T16:44:38.183+08:00[0;39m [33m WARN[0;39m [35m91987[0;39m [2m---[0;39m [2m[prediction-service] [           main][0;39m [2m[0;39m[36mtrationDelegate$BeanPostProcessorChecker[0;39m [2m:[0;39m Bean 'org.springframework.cloud.loadbalancer.config.LoadBalancerAutoConfiguration' of type [org.springframework.cloud.loadbalancer.config.LoadBalancerAutoConfiguration] is not eligible for getting processed by all BeanPostProcessors (for example: not eligible for auto-proxying). Is this bean getting eagerly injected into a currently created BeanPostProcessor [lbRestClientPostProcessor]? Check the corresponding BeanPostProcessor declaration and its dependencies.
[2m2025-07-11T16:44:38.186+08:00[0;39m [33m WARN[0;39m [35m91987[0;39m [2m---[0;39m [2m[prediction-service] [           main][0;39m [2m[0;39m[36mtrationDelegate$BeanPostProcessorChecker[0;39m [2m:[0;39m Bean 'org.springframework.cloud.commons.config.CommonsConfigAutoConfiguration' of type [org.springframework.cloud.commons.config.CommonsConfigAutoConfiguration] is not eligible for getting processed by all BeanPostProcessors (for example: not eligible for auto-proxying). Is this bean getting eagerly injected into a currently created BeanPostProcessor [lbRestClientPostProcessor]? Check the corresponding BeanPostProcessor declaration and its dependencies.
[2m2025-07-11T16:44:38.187+08:00[0;39m [33m WARN[0;39m [35m91987[0;39m [2m---[0;39m [2m[prediction-service] [           main][0;39m [2m[0;39m[36mtrationDelegate$BeanPostProcessorChecker[0;39m [2m:[0;39m Bean 'org.springframework.cloud.client.loadbalancer.LoadBalancerDefaultMappingsProviderAutoConfiguration' of type [org.springframework.cloud.client.loadbalancer.LoadBalancerDefaultMappingsProviderAutoConfiguration] is not eligible for getting processed by all BeanPostProcessors (for example: not eligible for auto-proxying). Is this bean getting eagerly injected into a currently created BeanPostProcessor [lbRestClientPostProcessor]? Check the corresponding BeanPostProcessor declaration and its dependencies.
[2m2025-07-11T16:44:38.188+08:00[0;39m [33m WARN[0;39m [35m91987[0;39m [2m---[0;39m [2m[prediction-service] [           main][0;39m [2m[0;39m[36mtrationDelegate$BeanPostProcessorChecker[0;39m [2m:[0;39m Bean 'loadBalancerClientsDefaultsMappingsProvider' of type [org.springframework.cloud.client.loadbalancer.LoadBalancerDefaultMappingsProviderAutoConfiguration$$Lambda/0x00000ff00134f7c0] is not eligible for getting processed by all BeanPostProcessors (for example: not eligible for auto-proxying). Is this bean getting eagerly injected into a currently created BeanPostProcessor [lbRestClientPostProcessor]? Check the corresponding BeanPostProcessor declaration and its dependencies.
[2m2025-07-11T16:44:38.189+08:00[0;39m [33m WARN[0;39m [35m91987[0;39m [2m---[0;39m [2m[prediction-service] [           main][0;39m [2m[0;39m[36mtrationDelegate$BeanPostProcessorChecker[0;39m [2m:[0;39m Bean 'defaultsBindHandlerAdvisor' of type [org.springframework.cloud.commons.config.DefaultsBindHandlerAdvisor] is not eligible for getting processed by all BeanPostProcessors (for example: not eligible for auto-proxying). Is this bean getting eagerly injected into a currently created BeanPostProcessor [lbRestClientPostProcessor]? Check the corresponding BeanPostProcessor declaration and its dependencies.
[2m2025-07-11T16:44:38.192+08:00[0;39m [33m WARN[0;39m [35m91987[0;39m [2m---[0;39m [2m[prediction-service] [           main][0;39m [2m[0;39m[36mtrationDelegate$BeanPostProcessorChecker[0;39m [2m:[0;39m Bean 'spring.cloud.loadbalancer-org.springframework.cloud.client.loadbalancer.LoadBalancerClientsProperties' of type [org.springframework.cloud.client.loadbalancer.LoadBalancerClientsProperties] is not eligible for getting processed by all BeanPostProcessors (for example: not eligible for auto-proxying). Is this bean getting eagerly injected into a currently created BeanPostProcessor [lbRestClientPostProcessor]? Check the corresponding BeanPostProcessor declaration and its dependencies.
[2m2025-07-11T16:44:38.196+08:00[0;39m [33m WARN[0;39m [35m91987[0;39m [2m---[0;39m [2m[prediction-service] [           main][0;39m [2m[0;39m[36mtrationDelegate$BeanPostProcessorChecker[0;39m [2m:[0;39m Bean 'default.org.springframework.cloud.loadbalancer.config.LoadBalancerAutoConfiguration.LoadBalancerClientSpecification' of type [org.springframework.cloud.loadbalancer.annotation.LoadBalancerClientSpecification] is not eligible for getting processed by all BeanPostProcessors (for example: not eligible for auto-proxying). Is this bean getting eagerly injected into a currently created BeanPostProcessor [lbRestClientPostProcessor]? Check the corresponding BeanPostProcessor declaration and its dependencies.
[2m2025-07-11T16:44:38.197+08:00[0;39m [33m WARN[0;39m [35m91987[0;39m [2m---[0;39m [2m[prediction-service] [           main][0;39m [2m[0;39m[36mtrationDelegate$BeanPostProcessorChecker[0;39m [2m:[0;39m Bean 'default.org.springframework.cloud.loadbalancer.config.BlockingLoadBalancerClientAutoConfiguration.LoadBalancerClientSpecification' of type [org.springframework.cloud.loadbalancer.annotation.LoadBalancerClientSpecification] is not eligible for getting processed by all BeanPostProcessors (for example: not eligible for auto-proxying). Is this bean getting eagerly injected into a currently created BeanPostProcessor [lbRestClientPostProcessor]? Check the corresponding BeanPostProcessor declaration and its dependencies.
[2m2025-07-11T16:44:38.198+08:00[0;39m [33m WARN[0;39m [35m91987[0;39m [2m---[0;39m [2m[prediction-service] [           main][0;39m [2m[0;39m[36mtrationDelegate$BeanPostProcessorChecker[0;39m [2m:[0;39m Bean 'default.org.springframework.cloud.netflix.eureka.loadbalancer.LoadBalancerEurekaAutoConfiguration.LoadBalancerClientSpecification' of type [org.springframework.cloud.loadbalancer.annotation.LoadBalancerClientSpecification] is not eligible for getting processed by all BeanPostProcessors (for example: not eligible for auto-proxying). Is this bean getting eagerly injected into a currently created BeanPostProcessor [lbRestClientPostProcessor]? Check the corresponding BeanPostProcessor declaration and its dependencies.
[2m2025-07-11T16:44:38.199+08:00[0;39m [33m WARN[0;39m [35m91987[0;39m [2m---[0;39m [2m[prediction-service] [           main][0;39m [2m[0;39m[36mtrationDelegate$BeanPostProcessorChecker[0;39m [2m:[0;39m Bean 'loadBalancerClientFactory' of type [org.springframework.cloud.loadbalancer.support.LoadBalancerClientFactory] is not eligible for getting processed by all BeanPostProcessors (for example: not eligible for auto-proxying). Is this bean getting eagerly injected into a currently created BeanPostProcessor [lbRestClientPostProcessor]? Check the corresponding BeanPostProcessor declaration and its dependencies.
[2m2025-07-11T16:44:38.201+08:00[0;39m [33m WARN[0;39m [35m91987[0;39m [2m---[0;39m [2m[prediction-service] [           main][0;39m [2m[0;39m[36mtrationDelegate$BeanPostProcessorChecker[0;39m [2m:[0;39m Bean 'blockingLoadBalancerClient' of type [org.springframework.cloud.loadbalancer.blocking.client.BlockingLoadBalancerClient] is not eligible for getting processed by all BeanPostProcessors (for example: not eligible for auto-proxying). Is this bean getting eagerly injected into a currently created BeanPostProcessor [lbRestClientPostProcessor]? Check the corresponding BeanPostProcessor declaration and its dependencies.
[2m2025-07-11T16:44:38.207+08:00[0;39m [33m WARN[0;39m [35m91987[0;39m [2m---[0;39m [2m[prediction-service] [           main][0;39m [2m[0;39m[36mtrationDelegate$BeanPostProcessorChecker[0;39m [2m:[0;39m Bean 'loadBalancerServiceInstanceCookieTransformer' of type [org.springframework.cloud.loadbalancer.core.LoadBalancerServiceInstanceCookieTransformer] is not eligible for getting processed by all BeanPostProcessors (for example: not eligible for auto-proxying). Is this bean getting eagerly injected into a currently created BeanPostProcessor [lbRestClientPostProcessor]? Check the corresponding BeanPostProcessor declaration and its dependencies.
[2m2025-07-11T16:44:38.208+08:00[0;39m [33m WARN[0;39m [35m91987[0;39m [2m---[0;39m [2m[prediction-service] [           main][0;39m [2m[0;39m[36mtrationDelegate$BeanPostProcessorChecker[0;39m [2m:[0;39m Bean 'xForwarderHeadersTransformer' of type [org.springframework.cloud.loadbalancer.blocking.XForwardedHeadersTransformer] is not eligible for getting processed by all BeanPostProcessors (for example: not eligible for auto-proxying). Is this bean getting eagerly injected into a currently created BeanPostProcessor [lbRestClientPostProcessor]? Check the corresponding BeanPostProcessor declaration and its dependencies.
[2m2025-07-11T16:44:38.208+08:00[0;39m [33m WARN[0;39m [35m91987[0;39m [2m---[0;39m [2m[prediction-service] [           main][0;39m [2m[0;39m[36mtrationDelegate$BeanPostProcessorChecker[0;39m [2m:[0;39m Bean 'org.springframework.cloud.client.loadbalancer.LoadBalancerAutoConfiguration' of type [org.springframework.cloud.client.loadbalancer.LoadBalancerAutoConfiguration] is not eligible for getting processed by all BeanPostProcessors (for example: not eligible for auto-proxying). Is this bean getting eagerly injected into a currently created BeanPostProcessor [lbRestClientPostProcessor]? Check the corresponding BeanPostProcessor declaration and its dependencies.
[2m2025-07-11T16:44:38.209+08:00[0;39m [33m WARN[0;39m [35m91987[0;39m [2m---[0;39m [2m[prediction-service] [           main][0;39m [2m[0;39m[36mtrationDelegate$BeanPostProcessorChecker[0;39m [2m:[0;39m Bean 'loadBalancerRequestFactory' of type [org.springframework.cloud.client.loadbalancer.LoadBalancerRequestFactory] is not eligible for getting processed by all BeanPostProcessors (for example: not eligible for auto-proxying). Is this bean getting eagerly injected into a currently created BeanPostProcessor [lbRestClientPostProcessor]? Check the corresponding BeanPostProcessor declaration and its dependencies.
[2m2025-07-11T16:44:38.210+08:00[0;39m [33m WARN[0;39m [35m91987[0;39m [2m---[0;39m [2m[prediction-service] [           main][0;39m [2m[0;39m[36mtrationDelegate$BeanPostProcessorChecker[0;39m [2m:[0;39m Bean 'loadBalancerInterceptor' of type [org.springframework.cloud.client.loadbalancer.LoadBalancerInterceptor] is not eligible for getting processed by all BeanPostProcessors (for example: not eligible for auto-proxying). Is this bean getting eagerly injected into a currently created BeanPostProcessor [lbRestClientPostProcessor]? Check the corresponding BeanPostProcessor declaration and its dependencies.
WARNING: A restricted method in java.lang.System has been called
WARNING: java.lang.System::load has been called by org.apache.tomcat.jni.Library in an unnamed module (file:/Users/peter/.m2/repository/org/apache/tomcat/embed/tomcat-embed-core/10.1.16/tomcat-embed-core-10.1.16.jar)
WARNING: Use --enable-native-access=ALL-UNNAMED to avoid a warning for callers in this module
WARNING: Restricted methods will be blocked in a future release unless native access is enabled

[2m2025-07-11T16:44:38.490+08:00[0;39m [32m INFO[0;39m [35m91987[0;39m [2m---[0;39m [2m[prediction-service] [           main][0;39m [2m[0;39m[36mo.s.b.w.embedded.tomcat.TomcatWebServer [0;39m [2m:[0;39m Tomcat initialized with port 8083 (http)
[2m2025-07-11T16:44:38.501+08:00[0;39m [32m INFO[0;39m [35m91987[0;39m [2m---[0;39m [2m[prediction-service] [           main][0;39m [2m[0;39m[36mo.apache.catalina.core.StandardService  [0;39m [2m:[0;39m Starting service [Tomcat]
[2m2025-07-11T16:44:38.501+08:00[0;39m [32m INFO[0;39m [35m91987[0;39m [2m---[0;39m [2m[prediction-service] [           main][0;39m [2m[0;39m[36mo.apache.catalina.core.StandardEngine   [0;39m [2m:[0;39m Starting Servlet engine: [Apache Tomcat/10.1.16]
[2m2025-07-11T16:44:38.559+08:00[0;39m [32m INFO[0;39m [35m91987[0;39m [2m---[0;39m [2m[prediction-service] [           main][0;39m [2m[0;39m[36mo.a.c.c.C.[Tomcat].[localhost].[/api]   [0;39m [2m:[0;39m Initializing Spring embedded WebApplicationContext
[2m2025-07-11T16:44:38.560+08:00[0;39m [32m INFO[0;39m [35m91987[0;39m [2m---[0;39m [2m[prediction-service] [           main][0;39m [2m[0;39m[36mw.s.c.ServletWebServerApplicationContext[0;39m [2m:[0;39m Root WebApplicationContext: initialization completed in 1124 ms
WARNING: A terminally deprecated method in sun.misc.Unsafe has been called
WARNING: sun.misc.Unsafe::objectFieldOffset has been called by io.netty.util.internal.PlatformDependent0$4 (file:/Users/peter/.m2/repository/io/netty/netty-common/4.1.101.Final/netty-common-4.1.101.Final.jar)
WARNING: Please consider reporting this to the maintainers of class io.netty.util.internal.PlatformDependent0$4
WARNING: sun.misc.Unsafe::objectFieldOffset will be removed in a future release
[2m2025-07-11T16:44:40.492+08:00[0;39m [32m INFO[0;39m [35m91987[0;39m [2m---[0;39m [2m[prediction-service] [           main][0;39m [2m[0;39m[36mDiscoveryClientOptionalArgsConfiguration[0;39m [2m:[0;39m Eureka HTTP Client uses RestTemplate.
[2m2025-07-11T16:44:40.649+08:00[0;39m [33m WARN[0;39m [35m91987[0;39m [2m---[0;39m [2m[prediction-service] [           main][0;39m [2m[0;39m[36miguration$LoadBalancerCaffeineWarnLogger[0;39m [2m:[0;39m Spring Cloud LoadBalancer is currently working with the default cache. While this cache implementation is useful for development and tests, it's recommended to use Caffeine cache in production.You can switch to using Caffeine cache, by adding it and org.springframework.cache.caffeine.CaffeineCacheManager to the classpath.
[2m2025-07-11T16:44:40.708+08:00[0;39m [32m INFO[0;39m [35m91987[0;39m [2m---[0;39m [2m[prediction-service] [           main][0;39m [2m[0;39m[36mo.s.c.n.eureka.InstanceInfoFactory      [0;39m [2m:[0;39m Setting initial instance status as: STARTING
[2m2025-07-11T16:44:40.943+08:00[0;39m [32m INFO[0;39m [35m91987[0;39m [2m---[0;39m [2m[prediction-service] [           main][0;39m [2m[0;39m[36mcom.netflix.discovery.DiscoveryClient   [0;39m [2m:[0;39m Initializing Eureka in region us-east-1
[2m2025-07-11T16:44:40.947+08:00[0;39m [32m INFO[0;39m [35m91987[0;39m [2m---[0;39m [2m[prediction-service] [           main][0;39m [2m[0;39m[36mc.n.d.s.r.aws.ConfigClusterResolver     [0;39m [2m:[0;39m Resolving eureka endpoints via configuration
[2m2025-07-11T16:44:40.977+08:00[0;39m [32m INFO[0;39m [35m91987[0;39m [2m---[0;39m [2m[prediction-service] [           main][0;39m [2m[0;39m[36mcom.netflix.discovery.DiscoveryClient   [0;39m [2m:[0;39m Disable delta property : false
[2m2025-07-11T16:44:40.978+08:00[0;39m [32m INFO[0;39m [35m91987[0;39m [2m---[0;39m [2m[prediction-service] [           main][0;39m [2m[0;39m[36mcom.netflix.discovery.DiscoveryClient   [0;39m [2m:[0;39m Single vip registry refresh property : null
[2m2025-07-11T16:44:40.978+08:00[0;39m [32m INFO[0;39m [35m91987[0;39m [2m---[0;39m [2m[prediction-service] [           main][0;39m [2m[0;39m[36mcom.netflix.discovery.DiscoveryClient   [0;39m [2m:[0;39m Force full registry fetch : false
[2m2025-07-11T16:44:40.978+08:00[0;39m [32m INFO[0;39m [35m91987[0;39m [2m---[0;39m [2m[prediction-service] [           main][0;39m [2m[0;39m[36mcom.netflix.discovery.DiscoveryClient   [0;39m [2m:[0;39m Application is null : false
[2m2025-07-11T16:44:40.978+08:00[0;39m [32m INFO[0;39m [35m91987[0;39m [2m---[0;39m [2m[prediction-service] [           main][0;39m [2m[0;39m[36mcom.netflix.discovery.DiscoveryClient   [0;39m [2m:[0;39m Registered Applications size is zero : true
[2m2025-07-11T16:44:40.978+08:00[0;39m [32m INFO[0;39m [35m91987[0;39m [2m---[0;39m [2m[prediction-service] [           main][0;39m [2m[0;39m[36mcom.netflix.discovery.DiscoveryClient   [0;39m [2m:[0;39m Application version is -1: true
[2m2025-07-11T16:44:40.979+08:00[0;39m [32m INFO[0;39m [35m91987[0;39m [2m---[0;39m [2m[prediction-service] [           main][0;39m [2m[0;39m[36mcom.netflix.discovery.DiscoveryClient   [0;39m [2m:[0;39m Getting all instance registry info from the eureka server
[2m2025-07-11T16:44:41.307+08:00[0;39m [32m INFO[0;39m [35m91987[0;39m [2m---[0;39m [2m[prediction-service] [           main][0;39m [2m[0;39m[36mcom.netflix.discovery.DiscoveryClient   [0;39m [2m:[0;39m The response status is 200
[2m2025-07-11T16:44:41.309+08:00[0;39m [32m INFO[0;39m [35m91987[0;39m [2m---[0;39m [2m[prediction-service] [           main][0;39m [2m[0;39m[36mcom.netflix.discovery.DiscoveryClient   [0;39m [2m:[0;39m Starting heartbeat executor: renew interval is: 30
[2m2025-07-11T16:44:41.312+08:00[0;39m [32m INFO[0;39m [35m91987[0;39m [2m---[0;39m [2m[prediction-service] [           main][0;39m [2m[0;39m[36mc.n.discovery.InstanceInfoReplicator    [0;39m [2m:[0;39m InstanceInfoReplicator onDemand update allowed rate per min is 4
[2m2025-07-11T16:44:41.322+08:00[0;39m [32m INFO[0;39m [35m91987[0;39m [2m---[0;39m [2m[prediction-service] [           main][0;39m [2m[0;39m[36mcom.netflix.discovery.DiscoveryClient   [0;39m [2m:[0;39m Discovery Client initialized at timestamp 1752223481321 with initial instances count: 0
[2m2025-07-11T16:44:41.325+08:00[0;39m [32m INFO[0;39m [35m91987[0;39m [2m---[0;39m [2m[prediction-service] [           main][0;39m [2m[0;39m[36mo.s.c.n.e.s.EurekaServiceRegistry       [0;39m [2m:[0;39m Registering application PREDICTION-SERVICE with eureka with status UP
[2m2025-07-11T16:44:41.326+08:00[0;39m [32m INFO[0;39m [35m91987[0;39m [2m---[0;39m [2m[prediction-service] [           main][0;39m [2m[0;39m[36mcom.netflix.discovery.DiscoveryClient   [0;39m [2m:[0;39m Saw local status change event StatusChangeEvent [timestamp=1752223481326, current=UP, previous=STARTING]
[2m2025-07-11T16:44:41.328+08:00[0;39m [32m INFO[0;39m [35m91987[0;39m [2m---[0;39m [2m[prediction-service] [nfoReplicator-0][0;39m [2m[0;39m[36mcom.netflix.discovery.DiscoveryClient   [0;39m [2m:[0;39m DiscoveryClient_PREDICTION-SERVICE/192.168.96.49:prediction-service:8083: registering service...
[2m2025-07-11T16:44:41.359+08:00[0;39m [32m INFO[0;39m [35m91987[0;39m [2m---[0;39m [2m[prediction-service] [           main][0;39m [2m[0;39m[36mo.s.b.w.embedded.tomcat.TomcatWebServer [0;39m [2m:[0;39m Tomcat started on port 8083 (http) with context path '/api'
[2m2025-07-11T16:44:41.361+08:00[0;39m [32m INFO[0;39m [35m91987[0;39m [2m---[0;39m [2m[prediction-service] [           main][0;39m [2m[0;39m[36m.s.c.n.e.s.EurekaAutoServiceRegistration[0;39m [2m:[0;39m Updating port to 8083
[2m2025-07-11T16:44:41.376+08:00[0;39m [32m INFO[0;39m [35m91987[0;39m [2m---[0;39m [2m[prediction-service] [           main][0;39m [2m[0;39m[36mc.s.prediction.PredictionApplication    [0;39m [2m:[0;39m Started PredictionApplication in 5.525 seconds (process running for 5.894)
[2m2025-07-11T16:44:41.390+08:00[0;39m [32m INFO[0;39m [35m91987[0;39m [2m---[0;39m [2m[prediction-service] [nfoReplicator-0][0;39m [2m[0;39m[36mcom.netflix.discovery.DiscoveryClient   [0;39m [2m:[0;39m DiscoveryClient_PREDICTION-SERVICE/192.168.96.49:prediction-service:8083 - registration status: 204
[2m2025-07-11T16:45:11.319+08:00[0;39m [32m INFO[0;39m [35m91987[0;39m [2m---[0;39m [2m[prediction-service] [freshExecutor-0][0;39m [2m[0;39m[36mcom.netflix.discovery.DiscoveryClient   [0;39m [2m:[0;39m Disable delta property : false
[2m2025-07-11T16:45:11.322+08:00[0;39m [32m INFO[0;39m [35m91987[0;39m [2m---[0;39m [2m[prediction-service] [freshExecutor-0][0;39m [2m[0;39m[36mcom.netflix.discovery.DiscoveryClient   [0;39m [2m:[0;39m Single vip registry refresh property : null
[2m2025-07-11T16:45:11.322+08:00[0;39m [32m INFO[0;39m [35m91987[0;39m [2m---[0;39m [2m[prediction-service] [freshExecutor-0][0;39m [2m[0;39m[36mcom.netflix.discovery.DiscoveryClient   [0;39m [2m:[0;39m Force full registry fetch : false
[2m2025-07-11T16:45:11.322+08:00[0;39m [32m INFO[0;39m [35m91987[0;39m [2m---[0;39m [2m[prediction-service] [freshExecutor-0][0;39m [2m[0;39m[36mcom.netflix.discovery.DiscoveryClient   [0;39m [2m:[0;39m Application is null : false
[2m2025-07-11T16:45:11.322+08:00[0;39m [32m INFO[0;39m [35m91987[0;39m [2m---[0;39m [2m[prediction-service] [freshExecutor-0][0;39m [2m[0;39m[36mcom.netflix.discovery.DiscoveryClient   [0;39m [2m:[0;39m Registered Applications size is zero : true
[2m2025-07-11T16:45:11.322+08:00[0;39m [32m INFO[0;39m [35m91987[0;39m [2m---[0;39m [2m[prediction-service] [freshExecutor-0][0;39m [2m[0;39m[36mcom.netflix.discovery.DiscoveryClient   [0;39m [2m:[0;39m Application version is -1: false
[2m2025-07-11T16:45:11.322+08:00[0;39m [32m INFO[0;39m [35m91987[0;39m [2m---[0;39m [2m[prediction-service] [freshExecutor-0][0;39m [2m[0;39m[36mcom.netflix.discovery.DiscoveryClient   [0;39m [2m:[0;39m Getting all instance registry info from the eureka server
[2m2025-07-11T16:45:11.357+08:00[0;39m [32m INFO[0;39m [35m91987[0;39m [2m---[0;39m [2m[prediction-service] [freshExecutor-0][0;39m [2m[0;39m[36mcom.netflix.discovery.DiscoveryClient   [0;39m [2m:[0;39m The response status is 200
[2m2025-07-11T16:49:40.993+08:00[0;39m [32m INFO[0;39m [35m91987[0;39m [2m---[0;39m [2m[prediction-service] [trap-executor-0][0;39m [2m[0;39m[36mc.n.d.s.r.aws.ConfigClusterResolver     [0;39m [2m:[0;39m Resolving eureka endpoints via configuration
[2m2025-07-11T16:54:41.007+08:00[0;39m [32m INFO[0;39m [35m91987[0;39m [2m---[0;39m [2m[prediction-service] [trap-executor-0][0;39m [2m[0;39m[36mc.n.d.s.r.aws.ConfigClusterResolver     [0;39m [2m:[0;39m Resolving eureka endpoints via configuration
[2m2025-07-11T16:59:41.018+08:00[0;39m [32m INFO[0;39m [35m91987[0;39m [2m---[0;39m [2m[prediction-service] [trap-executor-0][0;39m [2m[0;39m[36mc.n.d.s.r.aws.ConfigClusterResolver     [0;39m [2m:[0;39m Resolving eureka endpoints via configuration
[2m2025-07-11T17:08:13.386+08:00[0;39m [32m INFO[0;39m [35m91987[0;39m [2m---[0;39m [2m[prediction-service] [trap-executor-0][0;39m [2m[0;39m[36mc.n.d.s.r.aws.ConfigClusterResolver     [0;39m [2m:[0;39m Resolving eureka endpoints via configuration
[2m2025-07-11T17:13:13.393+08:00[0;39m [32m INFO[0;39m [35m91987[0;39m [2m---[0;39m [2m[prediction-service] [trap-executor-0][0;39m [2m[0;39m[36mc.n.d.s.r.aws.ConfigClusterResolver     [0;39m [2m:[0;39m Resolving eureka endpoints via configuration
[2m2025-07-11T17:18:13.397+08:00[0;39m [32m INFO[0;39m [35m91987[0;39m [2m---[0;39m [2m[prediction-service] [trap-executor-0][0;39m [2m[0;39m[36mc.n.d.s.r.aws.ConfigClusterResolver     [0;39m [2m:[0;39m Resolving eureka endpoints via configuration
[2m2025-07-11T17:23:13.400+08:00[0;39m [32m INFO[0;39m [35m91987[0;39m [2m---[0;39m [2m[prediction-service] [trap-executor-0][0;39m [2m[0;39m[36mc.n.d.s.r.aws.ConfigClusterResolver     [0;39m [2m:[0;39m Resolving eureka endpoints via configuration
[2m2025-07-11T17:24:50.655+08:00[0;39m [32m INFO[0;39m [35m91987[0;39m [2m---[0;39m [2m[prediction-service] [ionShutdownHook][0;39m [2m[0;39m[36mo.s.c.n.e.s.EurekaServiceRegistry       [0;39m [2m:[0;39m Unregistering application PREDICTION-SERVICE with eureka with status DOWN
[2m2025-07-11T17:24:50.659+08:00[0;39m [32m INFO[0;39m [35m91987[0;39m [2m---[0;39m [2m[prediction-service] [ionShutdownHook][0;39m [2m[0;39m[36mcom.netflix.discovery.DiscoveryClient   [0;39m [2m:[0;39m Saw local status change event StatusChangeEvent [timestamp=1752225890659, current=DOWN, previous=UP]
[2m2025-07-11T17:24:50.659+08:00[0;39m [32m INFO[0;39m [35m91987[0;39m [2m---[0;39m [2m[prediction-service] [nfoReplicator-0][0;39m [2m[0;39m[36mcom.netflix.discovery.DiscoveryClient   [0;39m [2m:[0;39m DiscoveryClient_PREDICTION-SERVICE/192.168.96.49:prediction-service:8083: registering service...
[2m2025-07-11T17:24:50.680+08:00[0;39m [32m INFO[0;39m [35m91987[0;39m [2m---[0;39m [2m[prediction-service] [nfoReplicator-0][0;39m [2m[0;39m[36mcom.netflix.discovery.DiscoveryClient   [0;39m [2m:[0;39m DiscoveryClient_PREDICTION-SERVICE/192.168.96.49:prediction-service:8083 - registration status: 204
[2m2025-07-11T17:24:50.774+08:00[0;39m [32m INFO[0;39m [35m91987[0;39m [2m---[0;39m [2m[prediction-service] [ionShutdownHook][0;39m [2m[0;39m[36mcom.netflix.discovery.DiscoveryClient   [0;39m [2m:[0;39m Shutting down DiscoveryClient ...
[2m2025-07-11T17:24:53.782+08:00[0;39m [32m INFO[0;39m [35m91987[0;39m [2m---[0;39m [2m[prediction-service] [ionShutdownHook][0;39m [2m[0;39m[36mcom.netflix.discovery.DiscoveryClient   [0;39m [2m:[0;39m Unregistering ...
[2m2025-07-11T17:24:53.789+08:00[0;39m [32m INFO[0;39m [35m91987[0;39m [2m---[0;39m [2m[prediction-service] [ionShutdownHook][0;39m [2m[0;39m[36mcom.netflix.discovery.DiscoveryClient   [0;39m [2m:[0;39m DiscoveryClient_PREDICTION-SERVICE/192.168.96.49:prediction-service:8083 - deregister  status: 200
[2m2025-07-11T17:24:53.795+08:00[0;39m [32m INFO[0;39m [35m91987[0;39m [2m---[0;39m [2m[prediction-service] [ionShutdownHook][0;39m [2m[0;39m[36mcom.netflix.discovery.DiscoveryClient   [0;39m [2m:[0;39m Completed shut down of DiscoveryClient
