[INFO] Scanning for projects...
[INFO] 
[INFO] -----------------< com.sportvenue:sport-venue-social >------------------
[INFO] Building sport-venue-social 1.0.0-SNAPSHOT
[INFO]   from pom.xml
[INFO] --------------------------------[ jar ]---------------------------------
[INFO] 
[INFO] >>> spring-boot:3.2.0:run (default-cli) > test-compile @ sport-venue-social >>>
[WARNING] The artifact mysql:mysql-connector-java:jar:8.0.33 has been relocated to com.mysql:mysql-connector-j:jar:8.0.33: MySQL Connector/J artifacts moved to reverse-DNS compliant Maven 2+ coordinates.
[INFO] 
[INFO] --- resources:3.3.1:resources (default-resources) @ sport-venue-social ---
[WARNING] Using platform encoding (UTF-8 actually) to copy filtered resources, i.e. build is platform dependent!
[INFO] Copying 1 resource from src/main/resources to target/classes
[INFO] 
[INFO] --- compiler:3.13.0:compile (default-compile) @ sport-venue-social ---
[INFO] Nothing to compile - all classes are up to date.
[INFO] 
[INFO] --- resources:3.3.1:testResources (default-testResources) @ sport-venue-social ---
[WARNING] Using platform encoding (UTF-8 actually) to copy filtered resources, i.e. build is platform dependent!
[INFO] skip non existing resourceDirectory /Users/peter/Desktop/file/code/pri/java/sport-venue/sport-venue-social/src/test/resources
[INFO] 
[INFO] --- compiler:3.13.0:testCompile (default-testCompile) @ sport-venue-social ---
[INFO] No sources to compile
[INFO] 
[INFO] <<< spring-boot:3.2.0:run (default-cli) < test-compile @ sport-venue-social <<<
[INFO] 
[INFO] 
[INFO] --- spring-boot:3.2.0:run (default-cli) @ sport-venue-social ---
[INFO] Attaching agents: []

  .   ____          _            __ _ _
 /\\ / ___'_ __ _ _(_)_ __  __ _ \ \ \ \
( ( )\___ | '_ | '_| | '_ \/ _` | \ \ \ \
 \\/  ___)| |_)| | | | | || (_| |  ) ) ) )
  '  |____| .__|_| |_|_| |_\__, | / / / /
 =========|_|==============|___/=/_/_/_/
 :: Spring Boot ::                (v3.2.0)

2025-07-04T18:24:13.405+08:00  INFO 97801 --- [social-service] [           main] c.c.c.ConfigServicePropertySourceLocator : Fetching config from server at : http://localhost:8888
2025-07-04T18:24:13.572+08:00  INFO 97801 --- [social-service] [           main] c.c.c.ConfigServicePropertySourceLocator : Located environment: name=social-service, profiles=[dev], label=main, version=null, state=null
2025-07-04T18:24:13.573+08:00  INFO 97801 --- [social-service] [           main] b.c.PropertySourceBootstrapConfiguration : Located property source: [BootstrapPropertySource {name='bootstrapProperties-configClient'}, BootstrapPropertySource {name='bootstrapProperties-classpath:/config-repo/social-service.yml'}, BootstrapPropertySource {name='bootstrapProperties-classpath:/config-repo/application.yml'}]
2025-07-04T18:24:13.581+08:00  INFO 97801 --- [social-service] [           main] c.sportvenue.social.SocialApplication    : No active profile set, falling back to 1 default profile: "default"
2025-07-04T18:24:14.112+08:00  INFO 97801 --- [social-service] [           main] .s.d.r.c.RepositoryConfigurationDelegate : Bootstrapping Spring Data JPA repositories in DEFAULT mode.
2025-07-04T18:24:14.125+08:00  INFO 97801 --- [social-service] [           main] .s.d.r.c.RepositoryConfigurationDelegate : Finished Spring Data repository scanning in 7 ms. Found 0 JPA repository interfaces.
2025-07-04T18:24:14.324+08:00  INFO 97801 --- [social-service] [           main] o.s.cloud.context.scope.GenericScope     : BeanFactory id=6cfc8e38-a349-3813-8773-16ea83d00cc5
2025-07-04T18:24:14.520+08:00  WARN 97801 --- [social-service] [           main] trationDelegate$BeanPostProcessorChecker : Bean 'org.springframework.cloud.client.loadbalancer.LoadBalancerAutoConfiguration$LoadBalancerInterceptorConfig' of type [org.springframework.cloud.client.loadbalancer.LoadBalancerAutoConfiguration$LoadBalancerInterceptorConfig] is not eligible for getting processed by all BeanPostProcessors (for example: not eligible for auto-proxying). The currently created BeanPostProcessor [lbRestClientPostProcessor] is declared through a non-static factory method on that class; consider declaring it as static instead.
2025-07-04T18:24:14.522+08:00  WARN 97801 --- [social-service] [           main] trationDelegate$BeanPostProcessorChecker : Bean 'org.springframework.cloud.loadbalancer.config.BlockingLoadBalancerClientAutoConfiguration' of type [org.springframework.cloud.loadbalancer.config.BlockingLoadBalancerClientAutoConfiguration] is not eligible for getting processed by all BeanPostProcessors (for example: not eligible for auto-proxying). Is this bean getting eagerly injected into a currently created BeanPostProcessor [lbRestClientPostProcessor]? Check the corresponding BeanPostProcessor declaration and its dependencies.
2025-07-04T18:24:14.523+08:00  WARN 97801 --- [social-service] [           main] trationDelegate$BeanPostProcessorChecker : Bean 'org.springframework.cloud.loadbalancer.config.LoadBalancerAutoConfiguration' of type [org.springframework.cloud.loadbalancer.config.LoadBalancerAutoConfiguration] is not eligible for getting processed by all BeanPostProcessors (for example: not eligible for auto-proxying). Is this bean getting eagerly injected into a currently created BeanPostProcessor [lbRestClientPostProcessor]? Check the corresponding BeanPostProcessor declaration and its dependencies.
2025-07-04T18:24:14.528+08:00  WARN 97801 --- [social-service] [           main] trationDelegate$BeanPostProcessorChecker : Bean 'org.springframework.cloud.commons.config.CommonsConfigAutoConfiguration' of type [org.springframework.cloud.commons.config.CommonsConfigAutoConfiguration] is not eligible for getting processed by all BeanPostProcessors (for example: not eligible for auto-proxying). Is this bean getting eagerly injected into a currently created BeanPostProcessor [lbRestClientPostProcessor]? Check the corresponding BeanPostProcessor declaration and its dependencies.
2025-07-04T18:24:14.530+08:00  WARN 97801 --- [social-service] [           main] trationDelegate$BeanPostProcessorChecker : Bean 'org.springframework.cloud.client.loadbalancer.LoadBalancerDefaultMappingsProviderAutoConfiguration' of type [org.springframework.cloud.client.loadbalancer.LoadBalancerDefaultMappingsProviderAutoConfiguration] is not eligible for getting processed by all BeanPostProcessors (for example: not eligible for auto-proxying). Is this bean getting eagerly injected into a currently created BeanPostProcessor [lbRestClientPostProcessor]? Check the corresponding BeanPostProcessor declaration and its dependencies.
2025-07-04T18:24:14.531+08:00  WARN 97801 --- [social-service] [           main] trationDelegate$BeanPostProcessorChecker : Bean 'loadBalancerClientsDefaultsMappingsProvider' of type [org.springframework.cloud.client.loadbalancer.LoadBalancerDefaultMappingsProviderAutoConfiguration$$Lambda/0x000000c001452cd0] is not eligible for getting processed by all BeanPostProcessors (for example: not eligible for auto-proxying). Is this bean getting eagerly injected into a currently created BeanPostProcessor [lbRestClientPostProcessor]? Check the corresponding BeanPostProcessor declaration and its dependencies.
2025-07-04T18:24:14.532+08:00  WARN 97801 --- [social-service] [           main] trationDelegate$BeanPostProcessorChecker : Bean 'defaultsBindHandlerAdvisor' of type [org.springframework.cloud.commons.config.DefaultsBindHandlerAdvisor] is not eligible for getting processed by all BeanPostProcessors (for example: not eligible for auto-proxying). Is this bean getting eagerly injected into a currently created BeanPostProcessor [lbRestClientPostProcessor]? Check the corresponding BeanPostProcessor declaration and its dependencies.
2025-07-04T18:24:14.537+08:00  WARN 97801 --- [social-service] [           main] trationDelegate$BeanPostProcessorChecker : Bean 'spring.cloud.loadbalancer-org.springframework.cloud.client.loadbalancer.LoadBalancerClientsProperties' of type [org.springframework.cloud.client.loadbalancer.LoadBalancerClientsProperties] is not eligible for getting processed by all BeanPostProcessors (for example: not eligible for auto-proxying). Is this bean getting eagerly injected into a currently created BeanPostProcessor [lbRestClientPostProcessor]? Check the corresponding BeanPostProcessor declaration and its dependencies.
2025-07-04T18:24:14.544+08:00  WARN 97801 --- [social-service] [           main] trationDelegate$BeanPostProcessorChecker : Bean 'default.org.springframework.cloud.loadbalancer.config.LoadBalancerAutoConfiguration.LoadBalancerClientSpecification' of type [org.springframework.cloud.loadbalancer.annotation.LoadBalancerClientSpecification] is not eligible for getting processed by all BeanPostProcessors (for example: not eligible for auto-proxying). Is this bean getting eagerly injected into a currently created BeanPostProcessor [lbRestClientPostProcessor]? Check the corresponding BeanPostProcessor declaration and its dependencies.
2025-07-04T18:24:14.545+08:00  WARN 97801 --- [social-service] [           main] trationDelegate$BeanPostProcessorChecker : Bean 'default.org.springframework.cloud.loadbalancer.config.BlockingLoadBalancerClientAutoConfiguration.LoadBalancerClientSpecification' of type [org.springframework.cloud.loadbalancer.annotation.LoadBalancerClientSpecification] is not eligible for getting processed by all BeanPostProcessors (for example: not eligible for auto-proxying). Is this bean getting eagerly injected into a currently created BeanPostProcessor [lbRestClientPostProcessor]? Check the corresponding BeanPostProcessor declaration and its dependencies.
2025-07-04T18:24:14.546+08:00  WARN 97801 --- [social-service] [           main] trationDelegate$BeanPostProcessorChecker : Bean 'default.org.springframework.cloud.netflix.eureka.loadbalancer.LoadBalancerEurekaAutoConfiguration.LoadBalancerClientSpecification' of type [org.springframework.cloud.loadbalancer.annotation.LoadBalancerClientSpecification] is not eligible for getting processed by all BeanPostProcessors (for example: not eligible for auto-proxying). Is this bean getting eagerly injected into a currently created BeanPostProcessor [lbRestClientPostProcessor]? Check the corresponding BeanPostProcessor declaration and its dependencies.
2025-07-04T18:24:14.547+08:00  WARN 97801 --- [social-service] [           main] trationDelegate$BeanPostProcessorChecker : Bean 'loadBalancerClientFactory' of type [org.springframework.cloud.loadbalancer.support.LoadBalancerClientFactory] is not eligible for getting processed by all BeanPostProcessors (for example: not eligible for auto-proxying). Is this bean getting eagerly injected into a currently created BeanPostProcessor [lbRestClientPostProcessor]? Check the corresponding BeanPostProcessor declaration and its dependencies.
2025-07-04T18:24:14.549+08:00  WARN 97801 --- [social-service] [           main] trationDelegate$BeanPostProcessorChecker : Bean 'blockingLoadBalancerClient' of type [org.springframework.cloud.loadbalancer.blocking.client.BlockingLoadBalancerClient] is not eligible for getting processed by all BeanPostProcessors (for example: not eligible for auto-proxying). Is this bean getting eagerly injected into a currently created BeanPostProcessor [lbRestClientPostProcessor]? Check the corresponding BeanPostProcessor declaration and its dependencies.
2025-07-04T18:24:14.561+08:00  WARN 97801 --- [social-service] [           main] trationDelegate$BeanPostProcessorChecker : Bean 'loadBalancerServiceInstanceCookieTransformer' of type [org.springframework.cloud.loadbalancer.core.LoadBalancerServiceInstanceCookieTransformer] is not eligible for getting processed by all BeanPostProcessors (for example: not eligible for auto-proxying). Is this bean getting eagerly injected into a currently created BeanPostProcessor [lbRestClientPostProcessor]? Check the corresponding BeanPostProcessor declaration and its dependencies.
2025-07-04T18:24:14.563+08:00  WARN 97801 --- [social-service] [           main] trationDelegate$BeanPostProcessorChecker : Bean 'xForwarderHeadersTransformer' of type [org.springframework.cloud.loadbalancer.blocking.XForwardedHeadersTransformer] is not eligible for getting processed by all BeanPostProcessors (for example: not eligible for auto-proxying). Is this bean getting eagerly injected into a currently created BeanPostProcessor [lbRestClientPostProcessor]? Check the corresponding BeanPostProcessor declaration and its dependencies.
2025-07-04T18:24:14.563+08:00  WARN 97801 --- [social-service] [           main] trationDelegate$BeanPostProcessorChecker : Bean 'org.springframework.cloud.client.loadbalancer.LoadBalancerAutoConfiguration' of type [org.springframework.cloud.client.loadbalancer.LoadBalancerAutoConfiguration] is not eligible for getting processed by all BeanPostProcessors (for example: not eligible for auto-proxying). Is this bean getting eagerly injected into a currently created BeanPostProcessor [lbRestClientPostProcessor]? Check the corresponding BeanPostProcessor declaration and its dependencies.
2025-07-04T18:24:14.566+08:00  WARN 97801 --- [social-service] [           main] trationDelegate$BeanPostProcessorChecker : Bean 'loadBalancerRequestFactory' of type [org.springframework.cloud.client.loadbalancer.LoadBalancerRequestFactory] is not eligible for getting processed by all BeanPostProcessors (for example: not eligible for auto-proxying). Is this bean getting eagerly injected into a currently created BeanPostProcessor [lbRestClientPostProcessor]? Check the corresponding BeanPostProcessor declaration and its dependencies.
2025-07-04T18:24:14.567+08:00  WARN 97801 --- [social-service] [           main] trationDelegate$BeanPostProcessorChecker : Bean 'loadBalancerInterceptor' of type [org.springframework.cloud.client.loadbalancer.LoadBalancerInterceptor] is not eligible for getting processed by all BeanPostProcessors (for example: not eligible for auto-proxying). Is this bean getting eagerly injected into a currently created BeanPostProcessor [lbRestClientPostProcessor]? Check the corresponding BeanPostProcessor declaration and its dependencies.
2025-07-04T18:24:14.896+08:00  INFO 97801 --- [social-service] [           main] o.s.b.w.embedded.tomcat.TomcatWebServer  : Tomcat initialized with port 8084 (http)
2025-07-04T18:24:14.906+08:00  INFO 97801 --- [social-service] [           main] o.apache.catalina.core.StandardService   : Starting service [Tomcat]
2025-07-04T18:24:14.906+08:00  INFO 97801 --- [social-service] [           main] o.apache.catalina.core.StandardEngine    : Starting Servlet engine: [Apache Tomcat/10.1.16]
2025-07-04T18:24:14.964+08:00  INFO 97801 --- [social-service] [           main] o.a.c.c.C.[Tomcat].[localhost].[/api]    : Initializing Spring embedded WebApplicationContext
2025-07-04T18:24:14.965+08:00  INFO 97801 --- [social-service] [           main] w.s.c.ServletWebServerApplicationContext : Root WebApplicationContext: initialization completed in 1370 ms
2025-07-04T18:24:15.115+08:00  INFO 97801 --- [social-service] [           main] o.hibernate.jpa.internal.util.LogHelper  : HHH000204: Processing PersistenceUnitInfo [name: default]
2025-07-04T18:24:15.175+08:00  INFO 97801 --- [social-service] [           main] org.hibernate.Version                    : HHH000412: Hibernate ORM core version 6.3.1.Final
2025-07-04T18:24:15.223+08:00  INFO 97801 --- [social-service] [           main] o.h.c.internal.RegionFactoryInitiator    : HHH000026: Second-level cache disabled
2025-07-04T18:24:15.521+08:00  INFO 97801 --- [social-service] [           main] o.s.o.j.p.SpringPersistenceUnitInfo      : No LoadTimeWeaver setup: ignoring JPA class transformer
2025-07-04T18:24:15.546+08:00  INFO 97801 --- [social-service] [           main] com.zaxxer.hikari.HikariDataSource       : HikariPool-1 - Starting...
2025-07-04T18:24:15.712+08:00  INFO 97801 --- [social-service] [           main] com.zaxxer.hikari.pool.HikariPool        : HikariPool-1 - Added connection com.mysql.cj.jdbc.ConnectionImpl@7d1cdeb1
2025-07-04T18:24:15.714+08:00  INFO 97801 --- [social-service] [           main] com.zaxxer.hikari.HikariDataSource       : HikariPool-1 - Start completed.
2025-07-04T18:24:16.100+08:00  INFO 97801 --- [social-service] [           main] o.h.e.t.j.p.i.JtaPlatformInitiator       : HHH000489: No JTA platform available (set 'hibernate.transaction.jta.platform' to enable JTA platform integration)
2025-07-04T18:24:16.110+08:00  INFO 97801 --- [social-service] [           main] j.LocalContainerEntityManagerFactoryBean : Initialized JPA EntityManagerFactory for persistence unit 'default'
2025-07-04T18:24:16.367+08:00  WARN 97801 --- [social-service] [           main] JpaBaseConfiguration$JpaWebConfiguration : spring.jpa.open-in-view is enabled by default. Therefore, database queries may be performed during view rendering. Explicitly configure spring.jpa.open-in-view to disable this warning
2025-07-04T18:24:17.313+08:00  INFO 97801 --- [social-service] [           main] DiscoveryClientOptionalArgsConfiguration : Eureka HTTP Client uses RestTemplate.
2025-07-04T18:24:17.377+08:00  WARN 97801 --- [social-service] [           main] iguration$LoadBalancerCaffeineWarnLogger : Spring Cloud LoadBalancer is currently working with the default cache. While this cache implementation is useful for development and tests, it's recommended to use Caffeine cache in production.You can switch to using Caffeine cache, by adding it and org.springframework.cache.caffeine.CaffeineCacheManager to the classpath.
2025-07-04T18:24:17.435+08:00  INFO 97801 --- [social-service] [           main] o.s.c.n.eureka.InstanceInfoFactory       : Setting initial instance status as: STARTING
2025-07-04T18:24:17.576+08:00  INFO 97801 --- [social-service] [           main] com.netflix.discovery.DiscoveryClient    : Initializing Eureka in region us-east-1
2025-07-04T18:24:17.580+08:00  INFO 97801 --- [social-service] [           main] c.n.d.s.r.aws.ConfigClusterResolver      : Resolving eureka endpoints via configuration
2025-07-04T18:24:17.598+08:00  INFO 97801 --- [social-service] [           main] com.netflix.discovery.DiscoveryClient    : Disable delta property : false
2025-07-04T18:24:17.598+08:00  INFO 97801 --- [social-service] [           main] com.netflix.discovery.DiscoveryClient    : Single vip registry refresh property : null
2025-07-04T18:24:17.598+08:00  INFO 97801 --- [social-service] [           main] com.netflix.discovery.DiscoveryClient    : Force full registry fetch : false
2025-07-04T18:24:17.598+08:00  INFO 97801 --- [social-service] [           main] com.netflix.discovery.DiscoveryClient    : Application is null : false
2025-07-04T18:24:17.599+08:00  INFO 97801 --- [social-service] [           main] com.netflix.discovery.DiscoveryClient    : Registered Applications size is zero : true
2025-07-04T18:24:17.599+08:00  INFO 97801 --- [social-service] [           main] com.netflix.discovery.DiscoveryClient    : Application version is -1: true
2025-07-04T18:24:17.599+08:00  INFO 97801 --- [social-service] [           main] com.netflix.discovery.DiscoveryClient    : Getting all instance registry info from the eureka server
2025-07-04T18:24:17.794+08:00  INFO 97801 --- [social-service] [           main] com.netflix.discovery.DiscoveryClient    : The response status is 200
2025-07-04T18:24:17.795+08:00  INFO 97801 --- [social-service] [           main] com.netflix.discovery.DiscoveryClient    : Starting heartbeat executor: renew interval is: 30
2025-07-04T18:24:17.797+08:00  INFO 97801 --- [social-service] [           main] c.n.discovery.InstanceInfoReplicator     : InstanceInfoReplicator onDemand update allowed rate per min is 4
2025-07-04T18:24:17.800+08:00  INFO 97801 --- [social-service] [           main] com.netflix.discovery.DiscoveryClient    : Discovery Client initialized at timestamp 1751624657799 with initial instances count: 0
2025-07-04T18:24:17.801+08:00  INFO 97801 --- [social-service] [           main] o.s.c.n.e.s.EurekaServiceRegistry        : Registering application SOCIAL-SERVICE with eureka with status UP
2025-07-04T18:24:17.802+08:00  INFO 97801 --- [social-service] [           main] com.netflix.discovery.DiscoveryClient    : Saw local status change event StatusChangeEvent [timestamp=1751624657802, current=UP, previous=STARTING]
2025-07-04T18:24:17.803+08:00  INFO 97801 --- [social-service] [nfoReplicator-0] com.netflix.discovery.DiscoveryClient    : DiscoveryClient_SOCIAL-SERVICE/192.168.96.49:social-service:8084: registering service...
2025-07-04T18:24:17.812+08:00  INFO 97801 --- [social-service] [           main] o.s.b.w.embedded.tomcat.TomcatWebServer  : Tomcat started on port 8084 (http) with context path '/api'
2025-07-04T18:24:17.813+08:00  INFO 97801 --- [social-service] [           main] .s.c.n.e.s.EurekaAutoServiceRegistration : Updating port to 8084
2025-07-04T18:24:17.830+08:00  INFO 97801 --- [social-service] [           main] c.sportvenue.social.SocialApplication    : Started SocialApplication in 5.648 seconds (process running for 6.231)
2025-07-04T18:24:17.832+08:00  INFO 97801 --- [social-service] [nfoReplicator-0] com.netflix.discovery.DiscoveryClient    : DiscoveryClient_SOCIAL-SERVICE/192.168.96.49:social-service:8084 - registration status: 204
2025-07-04T18:24:47.803+08:00  INFO 97801 --- [social-service] [freshExecutor-0] com.netflix.discovery.DiscoveryClient    : Disable delta property : false
2025-07-04T18:24:47.806+08:00  INFO 97801 --- [social-service] [freshExecutor-0] com.netflix.discovery.DiscoveryClient    : Single vip registry refresh property : null
2025-07-04T18:24:47.806+08:00  INFO 97801 --- [social-service] [freshExecutor-0] com.netflix.discovery.DiscoveryClient    : Force full registry fetch : false
2025-07-04T18:24:47.806+08:00  INFO 97801 --- [social-service] [freshExecutor-0] com.netflix.discovery.DiscoveryClient    : Application is null : false
2025-07-04T18:24:47.806+08:00  INFO 97801 --- [social-service] [freshExecutor-0] com.netflix.discovery.DiscoveryClient    : Registered Applications size is zero : true
2025-07-04T18:24:47.806+08:00  INFO 97801 --- [social-service] [freshExecutor-0] com.netflix.discovery.DiscoveryClient    : Application version is -1: false
2025-07-04T18:24:47.806+08:00  INFO 97801 --- [social-service] [freshExecutor-0] com.netflix.discovery.DiscoveryClient    : Getting all instance registry info from the eureka server
2025-07-04T18:24:47.847+08:00  INFO 97801 --- [social-service] [freshExecutor-0] com.netflix.discovery.DiscoveryClient    : The response status is 200
2025-07-04T18:25:00.044+08:00  INFO 97801 --- [social-service] [   scheduling-1] c.sportvenue.social.task.ScheduledTask   : 执行社交服务定时任务: 1751624700044
2025-07-04T18:26:22.749+08:00  INFO 97801 --- [social-service] [nio-8084-exec-3] o.a.c.c.C.[Tomcat].[localhost].[/api]    : Initializing Spring DispatcherServlet 'dispatcherServlet'
2025-07-04T18:26:22.750+08:00  INFO 97801 --- [social-service] [nio-8084-exec-3] o.s.web.servlet.DispatcherServlet        : Initializing Servlet 'dispatcherServlet'
2025-07-04T18:26:22.753+08:00  INFO 97801 --- [social-service] [nio-8084-exec-3] o.s.web.servlet.DispatcherServlet        : Completed initialization in 3 ms
